#
# There is insufficient memory for the Java Runtime Environment to continue.
# Native memory allocation (mmap) failed to map 478150656 bytes for committing reserved memory.
# Possible reasons:
#   The system is out of physical RAM or swap space
#   The process is running with CompressedOops enabled, and the Java Heap may be blocking the growth of the native heap
# Possible solutions:
#   Reduce memory load on the system
#   Increase physical memory or swap space
#   Check if swap backing store is full
#   Decrease Java heap size (-Xmx/-Xms)
#   Decrease number of Java threads
#   Decrease Java thread stack sizes (-Xss)
#   Set larger code cache with -XX:ReservedCodeCacheSize=
#   JVM is running with Unscaled Compressed Oops mode in which the Java heap is
#     placed in the first 4GB address space. The Java Heap base address is the
#     maximum limit for the native heap growth. Please use -XX:HeapBaseMinAddress
#     to set the Java Heap base and to place the Java Heap above 4GB virtual address.
# This output file may be truncated or incomplete.
#
#  Out of Memory Error (os_linux.cpp:2893), pid=9429, tid=9442
#
# JRE version: OpenJDK Runtime Environment (11.0.4+11) (build 11.0.4+11-post-Ubuntu-1ubuntu219.04)
# Java VM: OpenJDK 64-Bit Server VM (11.0.4+11-post-Ubuntu-1ubuntu219.04, mixed mode, sharing, tiered, compressed oops, g1 gc, linux-amd64)
# Core dump will be written. Default location: Core dumps may be processed with "/usr/share/apport/apport %p %s %c %d %P" (or dumping to /home/johannes/Dokumente/masterarbeit_eclipse/git/masterarbeit/core.9429)
#

---------------  S U M M A R Y ------------

Command Line: -Dfile.encoding=UTF-8 edu.kit.ipd.sdq.modsim.descomp.services.DomainCompare

Host: Intel(R) Core(TM) i5-7200U CPU @ 2.50GHz, 4 cores, 7G, Ubuntu 19.04
Time: Mon Aug 26 07:33:36 2019 CEST elapsed time: 20 seconds (0d 0h 0m 20s)

---------------  T H R E A D  ---------------

Current thread (0x00007f2810105800):  VMThread "VM Thread" [stack: 0x00007f27e95fe000,0x00007f27e96fe000] [id=9442]

Stack: [0x00007f27e95fe000,0x00007f27e96fe000],  sp=0x00007f27e96fc000,  free space=1016k
Native frames: (J=compiled Java code, A=aot compiled Java code, j=interpreted, Vv=VM code, C=native code)
V  [libjvm.so+0xd1b33e]
V  [libjvm.so+0xd1bf8b]
V  [libjvm.so+0x619865]
V  [libjvm.so+0xb28278]
V  [libjvm.so+0xb1f0cd]
V  [libjvm.so+0x731cff]
V  [libjvm.so+0x7320ae]
V  [libjvm.so+0x73b3a6]
V  [libjvm.so+0x7b1eb4]
V  [libjvm.so+0x7b2ac0]
V  [libjvm.so+0x7b2ee7]
V  [libjvm.so+0x6f0940]
V  [libjvm.so+0x6f5353]
V  [libjvm.so+0xd26d64]
V  [libjvm.so+0xd259c8]
V  [libjvm.so+0xd23117]
V  [libjvm.so+0xd237a8]
V  [libjvm.so+0xd23a73]
V  [libjvm.so+0xcbbee4]
V  [libjvm.so+0xb2cbee]

VM_Operation (0x00007f2814fafff0): G1CollectForAllocation, mode: safepoint, requested by thread 0x00007f2810015000


---------------  P R O C E S S  ---------------

Threads class SMR info:
_java_thread_list=0x00007f281014f0d0, length=9, elements={
0x00007f2810015000, 0x00007f2810108000, 0x00007f281010a000, 0x00007f281010f800,
0x00007f2810111800, 0x00007f2810114000, 0x00007f2810116000, 0x00007f2810145800,
0x00007f281014d800
}

Java Threads: ( => current thread )
  0x00007f2810015000 JavaThread "main" [_thread_blocked, id=9436, stack(0x00007f2814eb1000,0x00007f2814fb2000)]
  0x00007f2810108000 JavaThread "Reference Handler" daemon [_thread_blocked, id=9443, stack(0x00007f27e94fb000,0x00007f27e95fc000)]
  0x00007f281010a000 JavaThread "Finalizer" daemon [_thread_blocked, id=9444, stack(0x00007f27e93fa000,0x00007f27e94fb000)]
  0x00007f281010f800 JavaThread "Signal Dispatcher" daemon [_thread_blocked, id=9445, stack(0x00007f27e851e000,0x00007f27e861f000)]
  0x00007f2810111800 JavaThread "C2 CompilerThread0" daemon [_thread_blocked, id=9446, stack(0x00007f27e841d000,0x00007f27e851e000)]
  0x00007f2810114000 JavaThread "C1 CompilerThread0" daemon [_thread_blocked, id=9447, stack(0x00007f27e831c000,0x00007f27e841d000)]
  0x00007f2810116000 JavaThread "Sweeper thread" daemon [_thread_blocked, id=9448, stack(0x00007f27e821b000,0x00007f27e831c000)]
  0x00007f2810145800 JavaThread "Service Thread" daemon [_thread_blocked, id=9449, stack(0x00007f27e811a000,0x00007f27e821b000)]
  0x00007f281014d800 JavaThread "Common-Cleaner" daemon [_thread_blocked, id=9451, stack(0x00007f27b7eff000,0x00007f27b8000000)]

Other Threads:
=>0x00007f2810105800 VMThread "VM Thread" [stack: 0x00007f27e95fe000,0x00007f27e96fe000] [id=9442]
  0x00007f2810147800 WatcherThread [stack: 0x00007f27e801a000,0x00007f27e811a000] [id=9450]
  0x00007f281002b000 GCTaskThread "GC Thread#0" [stack: 0x00007f2814b65000,0x00007f2814c65000] [id=9437]
  0x00007f27dc001000 GCTaskThread "GC Thread#1" [stack: 0x00007f27b7dff000,0x00007f27b7eff000] [id=9452]
  0x00007f27dc094000 GCTaskThread "GC Thread#2" [stack: 0x00007f27b7cfd000,0x00007f27b7dfd000] [id=9453]
  0x00007f27dc095000 GCTaskThread "GC Thread#3" [stack: 0x00007f27b7bfb000,0x00007f27b7cfb000] [id=9454]
  0x00007f281005b000 ConcurrentGCThread "G1 Main Marker" [stack: 0x00007f281425c000,0x00007f281435c000] [id=9438]
  0x00007f281005d000 ConcurrentGCThread "G1 Conc#0" [stack: 0x00007f281415a000,0x00007f281425a000] [id=9439]
  0x00007f28100d3000 ConcurrentGCThread "G1 Refine#0" [stack: 0x00007f27f00ce000,0x00007f27f01ce000] [id=9440]
  0x00007f28100d5000 ConcurrentGCThread "G1 Young RemSet Sampling" [stack: 0x00007f27e9f00000,0x00007f27ea000000] [id=9441]

Threads with active compile tasks:

VM state:at safepoint (normal execution)

VM Mutex/Monitor currently owned by a thread:  ([mutex/lock_event])
[0x00007f28100121d0] Threads_lock - owner thread: 0x00007f2810105800
[0x00007f2810012920] Heap_lock - owner thread: 0x00007f2810015000

Heap address: 0x0000000087a00000, size: 1926 MB, Compressed Oops mode: 32-bit
Narrow klass base: 0x0000000800000000, Narrow klass shift: 3
Compressed class space size: 1073741824 Address: 0x0000000840000000

Heap:
 garbage-first heap   total 700416K, used 140395K [0x0000000087a00000, 0x0000000100000000)
  region size 1024K, 2 young (2048K), 2 survivors (2048K)
 Metaspace       used 930K, capacity 4683K, committed 4864K, reserved 1056768K
  class space    used 74K, capacity 431K, committed 512K, reserved 1048576K
Heap Regions: E=young(eden), S=young(survivor), O=old, HS=humongous(starts), HC=humongous(continues), CS=collection set, F=free, A=archive, TAMS=top-at-mark-start (previous, next)
|   0|0x0000000087a00000, 0x0000000087b00000, 0x0000000087b00000|100%|HS|  |TAMS 0x0000000087b00000, 0x0000000087b00000| Complete 
|   1|0x0000000087b00000, 0x0000000087c00000, 0x0000000087c00000|100%|HC|  |TAMS 0x0000000087c00000, 0x0000000087c00000| Complete 
|   2|0x0000000087c00000, 0x0000000087d00000, 0x0000000087d00000|100%|HS|  |TAMS 0x0000000087d00000, 0x0000000087d00000| Complete 
|   3|0x0000000087d00000, 0x0000000087e00000, 0x0000000087e00000|100%|HC|  |TAMS 0x0000000087e00000, 0x0000000087e00000| Complete 
|   4|0x0000000087e00000, 0x0000000087f00000, 0x0000000087f00000|100%|HS|  |TAMS 0x0000000087f00000, 0x0000000087f00000| Complete 
|   5|0x0000000087f00000, 0x0000000088000000, 0x0000000088000000|100%|HC|  |TAMS 0x0000000088000000, 0x0000000088000000| Complete 
|   6|0x0000000088000000, 0x0000000088100000, 0x0000000088100000|100%| O|  |TAMS 0x0000000088100000, 0x0000000088100000| Untracked 
|   7|0x0000000088100000, 0x0000000088200000, 0x0000000088200000|100%| O|  |TAMS 0x0000000088200000, 0x0000000088200000| Untracked 
|   8|0x0000000088200000, 0x0000000088300000, 0x0000000088300000|100%| O|  |TAMS 0x0000000088300000, 0x0000000088300000| Untracked 
|   9|0x0000000088300000, 0x0000000088400000, 0x0000000088400000|100%| O|  |TAMS 0x0000000088400000, 0x0000000088400000| Untracked 
|  10|0x0000000088400000, 0x0000000088500000, 0x0000000088500000|100%| O|  |TAMS 0x0000000088500000, 0x0000000088500000| Untracked 
|  11|0x0000000088500000, 0x0000000088600000, 0x0000000088600000|100%| O|  |TAMS 0x0000000088600000, 0x0000000088600000| Untracked 
|  12|0x0000000088600000, 0x0000000088700000, 0x0000000088700000|100%| O|  |TAMS 0x0000000088700000, 0x0000000088700000| Untracked 
|  13|0x0000000088700000, 0x0000000088800000, 0x0000000088800000|100%| O|  |TAMS 0x0000000088800000, 0x0000000088800000| Untracked 
|  14|0x0000000088800000, 0x0000000088900000, 0x0000000088900000|100%| O|  |TAMS 0x0000000088900000, 0x0000000088900000| Untracked 
|  15|0x0000000088900000, 0x0000000088a00000, 0x0000000088a00000|100%| O|  |TAMS 0x0000000088a00000, 0x0000000088a00000| Untracked 
|  16|0x0000000088a00000, 0x0000000088b00000, 0x0000000088b00000|100%| O|  |TAMS 0x0000000088b00000, 0x0000000088b00000| Untracked 
|  17|0x0000000088b00000, 0x0000000088c00000, 0x0000000088c00000|100%| O|  |TAMS 0x0000000088c00000, 0x0000000088c00000| Untracked 
|  18|0x0000000088c00000, 0x0000000088d00000, 0x0000000088d00000|100%| O|  |TAMS 0x0000000088d00000, 0x0000000088d00000| Untracked 
|  19|0x0000000088d00000, 0x0000000088e00000, 0x0000000088e00000|100%| O|  |TAMS 0x0000000088e00000, 0x0000000088e00000| Untracked 
|  20|0x0000000088e00000, 0x0000000088f00000, 0x0000000088f00000|100%| O|  |TAMS 0x0000000088f00000, 0x0000000088f00000| Untracked 
|  21|0x0000000088f00000, 0x0000000089000000, 0x0000000089000000|100%| O|  |TAMS 0x0000000089000000, 0x0000000089000000| Untracked 
|  22|0x0000000089000000, 0x0000000089100000, 0x0000000089100000|100%| O|  |TAMS 0x0000000089100000, 0x0000000089100000| Untracked 
|  23|0x0000000089100000, 0x0000000089200000, 0x0000000089200000|100%| O|  |TAMS 0x0000000089200000, 0x0000000089200000| Untracked 
|  24|0x0000000089200000, 0x0000000089300000, 0x0000000089300000|100%| O|  |TAMS 0x0000000089300000, 0x0000000089300000| Untracked 
|  25|0x0000000089300000, 0x0000000089400000, 0x0000000089400000|100%| O|  |TAMS 0x0000000089400000, 0x0000000089400000| Untracked 
|  26|0x0000000089400000, 0x0000000089500000, 0x0000000089500000|100%| O|  |TAMS 0x0000000089500000, 0x0000000089500000| Untracked 
|  27|0x0000000089500000, 0x0000000089600000, 0x0000000089600000|100%| O|  |TAMS 0x0000000089600000, 0x0000000089600000| Untracked 
|  28|0x0000000089600000, 0x0000000089700000, 0x0000000089700000|100%| O|  |TAMS 0x0000000089700000, 0x0000000089700000| Untracked 
|  29|0x0000000089700000, 0x0000000089800000, 0x0000000089800000|100%| O|  |TAMS 0x0000000089800000, 0x0000000089800000| Untracked 
|  30|0x0000000089800000, 0x0000000089900000, 0x0000000089900000|100%| O|  |TAMS 0x0000000089900000, 0x0000000089900000| Untracked 
|  31|0x0000000089900000, 0x0000000089a00000, 0x0000000089a00000|100%| O|  |TAMS 0x0000000089a00000, 0x0000000089a00000| Untracked 
|  32|0x0000000089a00000, 0x0000000089b00000, 0x0000000089b00000|100%| O|  |TAMS 0x0000000089b00000, 0x0000000089b00000| Untracked 
|  33|0x0000000089b00000, 0x0000000089c00000, 0x0000000089c00000|100%| O|  |TAMS 0x0000000089c00000, 0x0000000089c00000| Untracked 
|  34|0x0000000089c00000, 0x0000000089d00000, 0x0000000089d00000|100%| O|  |TAMS 0x0000000089d00000, 0x0000000089d00000| Untracked 
|  35|0x0000000089d00000, 0x0000000089e00000, 0x0000000089e00000|100%| O|  |TAMS 0x0000000089e00000, 0x0000000089e00000| Untracked 
|  36|0x0000000089e00000, 0x0000000089f00000, 0x0000000089f00000|100%| O|  |TAMS 0x0000000089f00000, 0x0000000089f00000| Untracked 
|  37|0x0000000089f00000, 0x000000008a000000, 0x000000008a000000|100%| O|  |TAMS 0x000000008a000000, 0x000000008a000000| Untracked 
|  38|0x000000008a000000, 0x000000008a100000, 0x000000008a100000|100%| O|  |TAMS 0x000000008a100000, 0x000000008a100000| Untracked 
|  39|0x000000008a100000, 0x000000008a200000, 0x000000008a200000|100%| O|  |TAMS 0x000000008a200000, 0x000000008a200000| Untracked 
|  40|0x000000008a200000, 0x000000008a300000, 0x000000008a300000|100%| O|  |TAMS 0x000000008a300000, 0x000000008a300000| Untracked 
|  41|0x000000008a300000, 0x000000008a400000, 0x000000008a400000|100%| O|  |TAMS 0x000000008a400000, 0x000000008a400000| Untracked 
|  42|0x000000008a400000, 0x000000008a500000, 0x000000008a500000|100%| O|  |TAMS 0x000000008a500000, 0x000000008a500000| Untracked 
|  43|0x000000008a500000, 0x000000008a600000, 0x000000008a600000|100%| O|  |TAMS 0x000000008a600000, 0x000000008a600000| Untracked 
|  44|0x000000008a600000, 0x000000008a700000, 0x000000008a700000|100%| O|  |TAMS 0x000000008a700000, 0x000000008a700000| Untracked 
|  45|0x000000008a700000, 0x000000008a800000, 0x000000008a800000|100%| O|  |TAMS 0x000000008a800000, 0x000000008a800000| Untracked 
|  46|0x000000008a800000, 0x000000008a900000, 0x000000008a900000|100%| O|  |TAMS 0x000000008a900000, 0x000000008a900000| Untracked 
|  47|0x000000008a900000, 0x000000008aa00000, 0x000000008aa00000|100%| O|  |TAMS 0x000000008aa00000, 0x000000008aa00000| Untracked 
|  48|0x000000008aa00000, 0x000000008ab00000, 0x000000008ab00000|100%| O|  |TAMS 0x000000008ab00000, 0x000000008ab00000| Untracked 
|  49|0x000000008ab00000, 0x000000008ac00000, 0x000000008ac00000|100%| O|  |TAMS 0x000000008ac00000, 0x000000008ac00000| Untracked 
|  50|0x000000008ac00000, 0x000000008ad00000, 0x000000008ad00000|100%| O|  |TAMS 0x000000008ad00000, 0x000000008ad00000| Untracked 
|  51|0x000000008ad00000, 0x000000008ae00000, 0x000000008ae00000|100%| O|  |TAMS 0x000000008ae00000, 0x000000008ae00000| Untracked 
|  52|0x000000008ae00000, 0x000000008af00000, 0x000000008af00000|100%| O|  |TAMS 0x000000008af00000, 0x000000008af00000| Untracked 
|  53|0x000000008af00000, 0x000000008b000000, 0x000000008b000000|100%| O|  |TAMS 0x000000008b000000, 0x000000008b000000| Untracked 
|  54|0x000000008b000000, 0x000000008b100000, 0x000000008b100000|100%| O|  |TAMS 0x000000008b100000, 0x000000008b100000| Untracked 
|  55|0x000000008b100000, 0x000000008b200000, 0x000000008b200000|100%| O|  |TAMS 0x000000008b200000, 0x000000008b200000| Untracked 
|  56|0x000000008b200000, 0x000000008b300000, 0x000000008b300000|100%| O|  |TAMS 0x000000008b300000, 0x000000008b300000| Untracked 
|  57|0x000000008b300000, 0x000000008b400000, 0x000000008b400000|100%| O|  |TAMS 0x000000008b400000, 0x000000008b400000| Untracked 
|  58|0x000000008b400000, 0x000000008b500000, 0x000000008b500000|100%| O|  |TAMS 0x000000008b500000, 0x000000008b500000| Untracked 
|  59|0x000000008b500000, 0x000000008b600000, 0x000000008b600000|100%| O|  |TAMS 0x000000008b600000, 0x000000008b600000| Untracked 
|  60|0x000000008b600000, 0x000000008b700000, 0x000000008b700000|100%| O|  |TAMS 0x000000008b700000, 0x000000008b700000| Untracked 
|  61|0x000000008b700000, 0x000000008b800000, 0x000000008b800000|100%| O|  |TAMS 0x000000008b800000, 0x000000008b800000| Untracked 
|  62|0x000000008b800000, 0x000000008b900000, 0x000000008b900000|100%| O|  |TAMS 0x000000008b900000, 0x000000008b900000| Untracked 
|  63|0x000000008b900000, 0x000000008ba00000, 0x000000008ba00000|100%| O|  |TAMS 0x000000008ba00000, 0x000000008ba00000| Untracked 
|  64|0x000000008ba00000, 0x000000008bb00000, 0x000000008bb00000|100%| O|  |TAMS 0x000000008bb00000, 0x000000008bb00000| Untracked 
|  65|0x000000008bb00000, 0x000000008bc00000, 0x000000008bc00000|100%| O|  |TAMS 0x000000008bc00000, 0x000000008bc00000| Untracked 
|  66|0x000000008bc00000, 0x000000008bd00000, 0x000000008bd00000|100%| O|  |TAMS 0x000000008bd00000, 0x000000008bd00000| Untracked 
|  67|0x000000008bd00000, 0x000000008be00000, 0x000000008be00000|100%| O|  |TAMS 0x000000008be00000, 0x000000008be00000| Untracked 
|  68|0x000000008be00000, 0x000000008bf00000, 0x000000008bf00000|100%| O|  |TAMS 0x000000008bf00000, 0x000000008bf00000| Untracked 
|  69|0x000000008bf00000, 0x000000008c000000, 0x000000008c000000|100%| O|  |TAMS 0x000000008c000000, 0x000000008c000000| Untracked 
|  70|0x000000008c000000, 0x000000008c100000, 0x000000008c100000|100%| O|  |TAMS 0x000000008c100000, 0x000000008c100000| Untracked 
|  71|0x000000008c100000, 0x000000008c200000, 0x000000008c200000|100%| O|  |TAMS 0x000000008c200000, 0x000000008c200000| Untracked 
|  72|0x000000008c200000, 0x000000008c300000, 0x000000008c300000|100%| O|  |TAMS 0x000000008c300000, 0x000000008c300000| Untracked 
|  73|0x000000008c300000, 0x000000008c400000, 0x000000008c400000|100%| O|  |TAMS 0x000000008c400000, 0x000000008c400000| Untracked 
|  74|0x000000008c400000, 0x000000008c500000, 0x000000008c500000|100%| O|  |TAMS 0x000000008c500000, 0x000000008c500000| Untracked 
|  75|0x000000008c500000, 0x000000008c600000, 0x000000008c600000|100%| O|  |TAMS 0x000000008c600000, 0x000000008c600000| Untracked 
|  76|0x000000008c600000, 0x000000008c700000, 0x000000008c700000|100%| O|  |TAMS 0x000000008c700000, 0x000000008c700000| Untracked 
|  77|0x000000008c700000, 0x000000008c800000, 0x000000008c800000|100%| O|  |TAMS 0x000000008c800000, 0x000000008c800000| Untracked 
|  78|0x000000008c800000, 0x000000008c900000, 0x000000008c900000|100%| O|  |TAMS 0x000000008c900000, 0x000000008c900000| Untracked 
|  79|0x000000008c900000, 0x000000008ca00000, 0x000000008ca00000|100%| O|  |TAMS 0x000000008ca00000, 0x000000008ca00000| Untracked 
|  80|0x000000008ca00000, 0x000000008cb00000, 0x000000008cb00000|100%| O|  |TAMS 0x000000008cb00000, 0x000000008cb00000| Untracked 
|  81|0x000000008cb00000, 0x000000008cc00000, 0x000000008cc00000|100%| O|  |TAMS 0x000000008cc00000, 0x000000008cc00000| Untracked 
|  82|0x000000008cc00000, 0x000000008cd00000, 0x000000008cd00000|100%| O|  |TAMS 0x000000008cd00000, 0x000000008cd00000| Untracked 
|  83|0x000000008cd00000, 0x000000008ce00000, 0x000000008ce00000|100%| O|  |TAMS 0x000000008ce00000, 0x000000008ce00000| Untracked 
|  84|0x000000008ce00000, 0x000000008cf00000, 0x000000008cf00000|100%| O|  |TAMS 0x000000008cf00000, 0x000000008cf00000| Untracked 
|  85|0x000000008cf00000, 0x000000008d000000, 0x000000008d000000|100%| O|  |TAMS 0x000000008d000000, 0x000000008d000000| Untracked 
|  86|0x000000008d000000, 0x000000008d100000, 0x000000008d100000|100%| O|  |TAMS 0x000000008d100000, 0x000000008d100000| Untracked 
|  87|0x000000008d100000, 0x000000008d200000, 0x000000008d200000|100%| O|  |TAMS 0x000000008d200000, 0x000000008d200000| Untracked 
|  88|0x000000008d200000, 0x000000008d300000, 0x000000008d300000|100%| O|  |TAMS 0x000000008d300000, 0x000000008d300000| Untracked 
|  89|0x000000008d300000, 0x000000008d400000, 0x000000008d400000|100%| O|  |TAMS 0x000000008d400000, 0x000000008d400000| Untracked 
|  90|0x000000008d400000, 0x000000008d500000, 0x000000008d500000|100%| O|  |TAMS 0x000000008d500000, 0x000000008d500000| Untracked 
|  91|0x000000008d500000, 0x000000008d600000, 0x000000008d600000|100%| O|  |TAMS 0x000000008d600000, 0x000000008d600000| Untracked 
|  92|0x000000008d600000, 0x000000008d700000, 0x000000008d700000|100%| O|  |TAMS 0x000000008d700000, 0x000000008d700000| Untracked 
|  93|0x000000008d700000, 0x000000008d800000, 0x000000008d800000|100%| O|  |TAMS 0x000000008d800000, 0x000000008d800000| Untracked 
|  94|0x000000008d800000, 0x000000008d900000, 0x000000008d900000|100%| O|  |TAMS 0x000000008d900000, 0x000000008d900000| Untracked 
|  95|0x000000008d900000, 0x000000008da00000, 0x000000008da00000|100%| O|  |TAMS 0x000000008da00000, 0x000000008da00000| Untracked 
|  96|0x000000008da00000, 0x000000008db00000, 0x000000008db00000|100%| O|  |TAMS 0x000000008db00000, 0x000000008db00000| Untracked 
|  97|0x000000008db00000, 0x000000008dc00000, 0x000000008dc00000|100%| O|  |TAMS 0x000000008dc00000, 0x000000008dc00000| Untracked 
|  98|0x000000008dc00000, 0x000000008dd00000, 0x000000008dd00000|100%| O|  |TAMS 0x000000008dd00000, 0x000000008dd00000| Untracked 
|  99|0x000000008dd00000, 0x000000008de00000, 0x000000008de00000|100%| O|  |TAMS 0x000000008de00000, 0x000000008de00000| Untracked 
| 100|0x000000008de00000, 0x000000008df00000, 0x000000008df00000|100%| O|  |TAMS 0x000000008df00000, 0x000000008df00000| Untracked 
| 101|0x000000008df00000, 0x000000008e000000, 0x000000008e000000|100%| O|  |TAMS 0x000000008e000000, 0x000000008e000000| Untracked 
| 102|0x000000008e000000, 0x000000008e100000, 0x000000008e100000|100%| O|  |TAMS 0x000000008e100000, 0x000000008e100000| Untracked 
| 103|0x000000008e100000, 0x000000008e200000, 0x000000008e200000|100%| O|  |TAMS 0x000000008e200000, 0x000000008e200000| Untracked 
| 104|0x000000008e200000, 0x000000008e300000, 0x000000008e300000|100%| O|  |TAMS 0x000000008e300000, 0x000000008e300000| Untracked 
| 105|0x000000008e300000, 0x000000008e400000, 0x000000008e400000|100%| O|  |TAMS 0x000000008e400000, 0x000000008e400000| Untracked 
| 106|0x000000008e400000, 0x000000008e500000, 0x000000008e500000|100%| O|  |TAMS 0x000000008e500000, 0x000000008e500000| Untracked 
| 107|0x000000008e500000, 0x000000008e600000, 0x000000008e600000|100%| O|  |TAMS 0x000000008e600000, 0x000000008e600000| Untracked 
| 108|0x000000008e600000, 0x000000008e700000, 0x000000008e700000|100%| O|  |TAMS 0x000000008e700000, 0x000000008e700000| Untracked 
| 109|0x000000008e700000, 0x000000008e800000, 0x000000008e800000|100%| O|  |TAMS 0x000000008e800000, 0x000000008e800000| Untracked 
| 110|0x000000008e800000, 0x000000008e900000, 0x000000008e900000|100%| O|  |TAMS 0x000000008e900000, 0x000000008e900000| Untracked 
| 111|0x000000008e900000, 0x000000008ea00000, 0x000000008ea00000|100%| O|  |TAMS 0x000000008ea00000, 0x000000008ea00000| Untracked 
| 112|0x000000008ea00000, 0x000000008eb00000, 0x000000008eb00000|100%| O|  |TAMS 0x000000008eb00000, 0x000000008eb00000| Untracked 
| 113|0x000000008eb00000, 0x000000008ec00000, 0x000000008ec00000|100%| O|  |TAMS 0x000000008ec00000, 0x000000008ec00000| Untracked 
| 114|0x000000008ec00000, 0x000000008ed00000, 0x000000008ed00000|100%| O|  |TAMS 0x000000008ed00000, 0x000000008ed00000| Untracked 
| 115|0x000000008ed00000, 0x000000008ee00000, 0x000000008ee00000|100%| O|  |TAMS 0x000000008ed00000, 0x000000008ee00000| Untracked 
| 116|0x000000008ee00000, 0x000000008ef00000, 0x000000008ef00000|100%| O|  |TAMS 0x000000008ee00000, 0x000000008ef00000| Untracked 
| 117|0x000000008ef00000, 0x000000008f000000, 0x000000008f000000|100%| O|  |TAMS 0x000000008ef00000, 0x000000008f000000| Untracked 
| 118|0x000000008f000000, 0x000000008f100000, 0x000000008f100000|100%| O|  |TAMS 0x000000008f000000, 0x000000008f100000| Untracked 
| 119|0x000000008f100000, 0x000000008f200000, 0x000000008f200000|100%| O|  |TAMS 0x000000008f100000, 0x000000008f200000| Untracked 
| 120|0x000000008f200000, 0x000000008f300000, 0x000000008f300000|100%| O|  |TAMS 0x000000008f200000, 0x000000008f300000| Untracked 
| 121|0x000000008f300000, 0x000000008f400000, 0x000000008f400000|100%| O|  |TAMS 0x000000008f300000, 0x000000008f400000| Untracked 
| 122|0x000000008f400000, 0x000000008f500000, 0x000000008f500000|100%| O|  |TAMS 0x000000008f400000, 0x000000008f500000| Untracked 
| 123|0x000000008f500000, 0x000000008f600000, 0x000000008f600000|100%| O|  |TAMS 0x000000008f500000, 0x000000008f600000| Untracked 
| 124|0x000000008f600000, 0x000000008f700000, 0x000000008f700000|100%| O|  |TAMS 0x000000008f600000, 0x000000008f700000| Untracked 
| 125|0x000000008f700000, 0x000000008f800000, 0x000000008f800000|100%| O|  |TAMS 0x000000008f700000, 0x000000008f800000| Untracked 
| 126|0x000000008f800000, 0x000000008f900000, 0x000000008f900000|100%| O|  |TAMS 0x000000008f800000, 0x000000008f900000| Untracked 
| 127|0x000000008f900000, 0x000000008fa00000, 0x000000008fa00000|100%| O|  |TAMS 0x000000008f900000, 0x000000008fa00000| Untracked 
| 128|0x000000008fa00000, 0x000000008fb00000, 0x000000008fb00000|100%| O|  |TAMS 0x000000008fa00000, 0x000000008fb00000| Untracked 
| 129|0x000000008fb00000, 0x000000008fc00000, 0x000000008fc00000|100%| O|  |TAMS 0x000000008fb00000, 0x000000008fc00000| Untracked 
| 130|0x000000008fc00000, 0x000000008fd00000, 0x000000008fd00000|100%| O|  |TAMS 0x000000008fc00000, 0x000000008fd00000| Untracked 
| 131|0x000000008fd00000, 0x000000008fe00000, 0x000000008fe00000|100%| O|  |TAMS 0x000000008fd00000, 0x000000008fe00000| Untracked 
| 132|0x000000008fe00000, 0x000000008ff00000, 0x000000008ff00000|100%| O|  |TAMS 0x000000008fe00000, 0x000000008ff00000| Untracked 
| 133|0x000000008ff00000, 0x0000000090000000, 0x0000000090000000|100%| O|  |TAMS 0x000000008ff00000, 0x0000000090000000| Untracked 
| 134|0x0000000090000000, 0x000000009007ce00, 0x0000000090100000| 48%| O|  |TAMS 0x0000000090000000, 0x000000009007ce00| Untracked 
| 135|0x0000000090100000, 0x0000000090100000, 0x0000000090200000|  0%| F|  |TAMS 0x0000000090100000, 0x0000000090100000| Untracked 
| 136|0x0000000090200000, 0x0000000090200000, 0x0000000090300000|  0%| F|  |TAMS 0x0000000090200000, 0x0000000090200000| Untracked 
| 137|0x0000000090300000, 0x0000000090300000, 0x0000000090400000|  0%| F|  |TAMS 0x0000000090300000, 0x0000000090300000| Untracked 
| 138|0x0000000090400000, 0x0000000090400000, 0x0000000090500000|  0%| F|  |TAMS 0x0000000090400000, 0x0000000090400000| Untracked 
| 139|0x0000000090500000, 0x0000000090500000, 0x0000000090600000|  0%| F|  |TAMS 0x0000000090500000, 0x0000000090500000| Untracked 
| 140|0x0000000090600000, 0x0000000090600000, 0x0000000090700000|  0%| F|  |TAMS 0x0000000090600000, 0x0000000090600000| Untracked 
| 141|0x0000000090700000, 0x0000000090700000, 0x0000000090800000|  0%| F|  |TAMS 0x0000000090700000, 0x0000000090700000| Untracked 
| 142|0x0000000090800000, 0x0000000090800000, 0x0000000090900000|  0%| F|  |TAMS 0x0000000090800000, 0x0000000090800000| Untracked 
| 143|0x0000000090900000, 0x0000000090900000, 0x0000000090a00000|  0%| F|  |TAMS 0x0000000090900000, 0x0000000090900000| Untracked 
| 144|0x0000000090a00000, 0x0000000090a00000, 0x0000000090b00000|  0%| F|  |TAMS 0x0000000090a00000, 0x0000000090a00000| Untracked 
| 145|0x0000000090b00000, 0x0000000090b00000, 0x0000000090c00000|  0%| F|  |TAMS 0x0000000090b00000, 0x0000000090b00000| Untracked 
| 146|0x0000000090c00000, 0x0000000090c00000, 0x0000000090d00000|  0%| F|  |TAMS 0x0000000090c00000, 0x0000000090c00000| Untracked 
| 147|0x0000000090d00000, 0x0000000090d00000, 0x0000000090e00000|  0%| F|  |TAMS 0x0000000090d00000, 0x0000000090d00000| Untracked 
| 148|0x0000000090e00000, 0x0000000090e00000, 0x0000000090f00000|  0%| F|  |TAMS 0x0000000090e00000, 0x0000000090e00000| Untracked 
| 149|0x0000000090f00000, 0x0000000090f00000, 0x0000000091000000|  0%| F|  |TAMS 0x0000000090f00000, 0x0000000090f00000| Untracked 
| 150|0x0000000091000000, 0x0000000091000000, 0x0000000091100000|  0%| F|  |TAMS 0x0000000091000000, 0x0000000091000000| Untracked 
| 151|0x0000000091100000, 0x0000000091100000, 0x0000000091200000|  0%| F|  |TAMS 0x0000000091100000, 0x0000000091100000| Untracked 
| 152|0x0000000091200000, 0x0000000091200000, 0x0000000091300000|  0%| F|  |TAMS 0x0000000091200000, 0x0000000091200000| Untracked 
| 153|0x0000000091300000, 0x0000000091300000, 0x0000000091400000|  0%| F|  |TAMS 0x0000000091300000, 0x0000000091300000| Untracked 
| 154|0x0000000091400000, 0x0000000091400000, 0x0000000091500000|  0%| F|  |TAMS 0x0000000091400000, 0x0000000091400000| Untracked 
| 155|0x0000000091500000, 0x0000000091500000, 0x0000000091600000|  0%| F|  |TAMS 0x0000000091500000, 0x0000000091500000| Untracked 
| 156|0x0000000091600000, 0x0000000091600000, 0x0000000091700000|  0%| F|  |TAMS 0x0000000091600000, 0x0000000091600000| Untracked 
| 157|0x0000000091700000, 0x0000000091700000, 0x0000000091800000|  0%| F|  |TAMS 0x0000000091700000, 0x0000000091700000| Untracked 
| 158|0x0000000091800000, 0x0000000091800000, 0x0000000091900000|  0%| F|  |TAMS 0x0000000091800000, 0x0000000091800000| Untracked 
| 159|0x0000000091900000, 0x0000000091900000, 0x0000000091a00000|  0%| F|  |TAMS 0x0000000091900000, 0x0000000091900000| Untracked 
| 160|0x0000000091a00000, 0x0000000091a00000, 0x0000000091b00000|  0%| F|  |TAMS 0x0000000091a00000, 0x0000000091a00000| Untracked 
| 161|0x0000000091b00000, 0x0000000091b00000, 0x0000000091c00000|  0%| F|  |TAMS 0x0000000091b00000, 0x0000000091b00000| Untracked 
| 162|0x0000000091c00000, 0x0000000091c00000, 0x0000000091d00000|  0%| F|  |TAMS 0x0000000091c00000, 0x0000000091c00000| Untracked 
| 163|0x0000000091d00000, 0x0000000091d00000, 0x0000000091e00000|  0%| F|  |TAMS 0x0000000091d00000, 0x0000000091d00000| Untracked 
| 164|0x0000000091e00000, 0x0000000091e00000, 0x0000000091f00000|  0%| F|  |TAMS 0x0000000091e00000, 0x0000000091e00000| Untracked 
| 165|0x0000000091f00000, 0x0000000091f00000, 0x0000000092000000|  0%| F|  |TAMS 0x0000000091f00000, 0x0000000091f00000| Untracked 
| 166|0x0000000092000000, 0x0000000092000000, 0x0000000092100000|  0%| F|  |TAMS 0x0000000092000000, 0x0000000092000000| Untracked 
| 167|0x0000000092100000, 0x0000000092100000, 0x0000000092200000|  0%| F|  |TAMS 0x0000000092100000, 0x0000000092100000| Untracked 
| 168|0x0000000092200000, 0x0000000092200000, 0x0000000092300000|  0%| F|  |TAMS 0x0000000092200000, 0x0000000092200000| Untracked 
| 169|0x0000000092300000, 0x0000000092300000, 0x0000000092400000|  0%| F|  |TAMS 0x0000000092300000, 0x0000000092300000| Untracked 
| 170|0x0000000092400000, 0x0000000092400000, 0x0000000092500000|  0%| F|  |TAMS 0x0000000092400000, 0x0000000092400000| Untracked 
| 171|0x0000000092500000, 0x0000000092500000, 0x0000000092600000|  0%| F|  |TAMS 0x0000000092500000, 0x0000000092500000| Untracked 
| 172|0x0000000092600000, 0x0000000092600000, 0x0000000092700000|  0%| F|  |TAMS 0x0000000092600000, 0x0000000092600000| Untracked 
| 173|0x0000000092700000, 0x0000000092700000, 0x0000000092800000|  0%| F|  |TAMS 0x0000000092700000, 0x0000000092700000| Untracked 
| 174|0x0000000092800000, 0x0000000092800000, 0x0000000092900000|  0%| F|  |TAMS 0x0000000092800000, 0x0000000092800000| Untracked 
| 175|0x0000000092900000, 0x0000000092900000, 0x0000000092a00000|  0%| F|  |TAMS 0x0000000092900000, 0x0000000092900000| Untracked 
| 176|0x0000000092a00000, 0x0000000092a00000, 0x0000000092b00000|  0%| F|  |TAMS 0x0000000092a00000, 0x0000000092a00000| Untracked 
| 177|0x0000000092b00000, 0x0000000092b00000, 0x0000000092c00000|  0%| F|  |TAMS 0x0000000092b00000, 0x0000000092b00000| Untracked 
| 178|0x0000000092c00000, 0x0000000092c00000, 0x0000000092d00000|  0%| F|  |TAMS 0x0000000092c00000, 0x0000000092c00000| Untracked 
| 179|0x0000000092d00000, 0x0000000092d00000, 0x0000000092e00000|  0%| F|  |TAMS 0x0000000092d00000, 0x0000000092d00000| Untracked 
| 180|0x0000000092e00000, 0x0000000092e00000, 0x0000000092f00000|  0%| F|  |TAMS 0x0000000092e00000, 0x0000000092e00000| Untracked 
| 181|0x0000000092f00000, 0x0000000092f00000, 0x0000000093000000|  0%| F|  |TAMS 0x0000000092f00000, 0x0000000092f00000| Untracked 
| 182|0x0000000093000000, 0x0000000093000000, 0x0000000093100000|  0%| F|  |TAMS 0x0000000093000000, 0x0000000093000000| Untracked 
| 183|0x0000000093100000, 0x0000000093100000, 0x0000000093200000|  0%| F|  |TAMS 0x0000000093100000, 0x0000000093100000| Untracked 
| 184|0x0000000093200000, 0x0000000093200000, 0x0000000093300000|  0%| F|  |TAMS 0x0000000093200000, 0x0000000093200000| Untracked 
| 185|0x0000000093300000, 0x0000000093300000, 0x0000000093400000|  0%| F|  |TAMS 0x0000000093300000, 0x0000000093300000| Untracked 
| 186|0x0000000093400000, 0x0000000093400000, 0x0000000093500000|  0%| F|  |TAMS 0x0000000093400000, 0x0000000093400000| Untracked 
| 187|0x0000000093500000, 0x0000000093500000, 0x0000000093600000|  0%| F|  |TAMS 0x0000000093500000, 0x0000000093500000| Untracked 
| 188|0x0000000093600000, 0x0000000093600000, 0x0000000093700000|  0%| F|  |TAMS 0x0000000093600000, 0x0000000093600000| Untracked 
| 189|0x0000000093700000, 0x0000000093700000, 0x0000000093800000|  0%| F|  |TAMS 0x0000000093700000, 0x0000000093700000| Untracked 
| 190|0x0000000093800000, 0x0000000093800000, 0x0000000093900000|  0%| F|  |TAMS 0x0000000093800000, 0x0000000093800000| Untracked 
| 191|0x0000000093900000, 0x0000000093900000, 0x0000000093a00000|  0%| F|  |TAMS 0x0000000093900000, 0x0000000093900000| Untracked 
| 192|0x0000000093a00000, 0x0000000093a00000, 0x0000000093b00000|  0%| F|  |TAMS 0x0000000093a00000, 0x0000000093a00000| Untracked 
| 193|0x0000000093b00000, 0x0000000093b00000, 0x0000000093c00000|  0%| F|  |TAMS 0x0000000093b00000, 0x0000000093b00000| Untracked 
| 194|0x0000000093c00000, 0x0000000093c00000, 0x0000000093d00000|  0%| F|  |TAMS 0x0000000093c00000, 0x0000000093c00000| Untracked 
| 195|0x0000000093d00000, 0x0000000093d00000, 0x0000000093e00000|  0%| F|  |TAMS 0x0000000093d00000, 0x0000000093d00000| Untracked 
| 196|0x0000000093e00000, 0x0000000093e00000, 0x0000000093f00000|  0%| F|  |TAMS 0x0000000093e00000, 0x0000000093e00000| Untracked 
| 197|0x0000000093f00000, 0x0000000093f00000, 0x0000000094000000|  0%| F|  |TAMS 0x0000000093f00000, 0x0000000093f00000| Untracked 
| 198|0x0000000094000000, 0x0000000094000000, 0x0000000094100000|  0%| F|  |TAMS 0x0000000094000000, 0x0000000094000000| Untracked 
| 199|0x0000000094100000, 0x0000000094100000, 0x0000000094200000|  0%| F|  |TAMS 0x0000000094100000, 0x0000000094100000| Untracked 
| 200|0x0000000094200000, 0x0000000094200000, 0x0000000094300000|  0%| F|  |TAMS 0x0000000094200000, 0x0000000094200000| Untracked 
| 201|0x0000000094300000, 0x0000000094300000, 0x0000000094400000|  0%| F|  |TAMS 0x0000000094300000, 0x0000000094300000| Untracked 
| 202|0x0000000094400000, 0x0000000094400000, 0x0000000094500000|  0%| F|  |TAMS 0x0000000094400000, 0x0000000094400000| Untracked 
| 203|0x0000000094500000, 0x0000000094500000, 0x0000000094600000|  0%| F|  |TAMS 0x0000000094500000, 0x0000000094500000| Untracked 
| 204|0x0000000094600000, 0x0000000094600000, 0x0000000094700000|  0%| F|  |TAMS 0x0000000094600000, 0x0000000094600000| Untracked 
| 205|0x0000000094700000, 0x0000000094700000, 0x0000000094800000|  0%| F|  |TAMS 0x0000000094700000, 0x0000000094700000| Untracked 
| 206|0x0000000094800000, 0x0000000094800000, 0x0000000094900000|  0%| F|  |TAMS 0x0000000094800000, 0x0000000094800000| Untracked 
| 207|0x0000000094900000, 0x0000000094900000, 0x0000000094a00000|  0%| F|  |TAMS 0x0000000094900000, 0x0000000094900000| Untracked 
| 208|0x0000000094a00000, 0x0000000094a00000, 0x0000000094b00000|  0%| F|  |TAMS 0x0000000094a00000, 0x0000000094a00000| Untracked 
| 209|0x0000000094b00000, 0x0000000094b00000, 0x0000000094c00000|  0%| F|  |TAMS 0x0000000094b00000, 0x0000000094b00000| Untracked 
| 210|0x0000000094c00000, 0x0000000094c00000, 0x0000000094d00000|  0%| F|  |TAMS 0x0000000094c00000, 0x0000000094c00000| Untracked 
| 211|0x0000000094d00000, 0x0000000094d00000, 0x0000000094e00000|  0%| F|  |TAMS 0x0000000094d00000, 0x0000000094d00000| Untracked 
| 212|0x0000000094e00000, 0x0000000094e00000, 0x0000000094f00000|  0%| F|  |TAMS 0x0000000094e00000, 0x0000000094e00000| Untracked 
| 213|0x0000000094f00000, 0x0000000094f00000, 0x0000000095000000|  0%| F|  |TAMS 0x0000000094f00000, 0x0000000094f00000| Untracked 
| 214|0x0000000095000000, 0x0000000095000000, 0x0000000095100000|  0%| F|  |TAMS 0x0000000095000000, 0x0000000095000000| Untracked 
| 215|0x0000000095100000, 0x0000000095200000, 0x0000000095200000|100%| S|CS|TAMS 0x0000000095100000, 0x0000000095100000| Complete 
| 216|0x0000000095200000, 0x0000000095300000, 0x0000000095300000|100%| S|CS|TAMS 0x0000000095200000, 0x0000000095200000| Complete 
| 217|0x0000000095300000, 0x0000000095300000, 0x0000000095400000|  0%| F|  |TAMS 0x0000000095300000, 0x0000000095300000| Untracked 
| 218|0x0000000095400000, 0x0000000095400000, 0x0000000095500000|  0%| F|  |TAMS 0x0000000095400000, 0x0000000095400000| Untracked 
| 219|0x0000000095500000, 0x0000000095500000, 0x0000000095600000|  0%| F|  |TAMS 0x0000000095500000, 0x0000000095500000| Untracked 
| 220|0x0000000095600000, 0x0000000095600000, 0x0000000095700000|  0%| F|  |TAMS 0x0000000095600000, 0x0000000095600000| Untracked 
| 221|0x0000000095700000, 0x0000000095700000, 0x0000000095800000|  0%| F|  |TAMS 0x0000000095700000, 0x0000000095700000| Untracked 
| 222|0x0000000095800000, 0x0000000095800000, 0x0000000095900000|  0%| F|  |TAMS 0x0000000095800000, 0x0000000095800000| Untracked 
| 223|0x0000000095900000, 0x0000000095900000, 0x0000000095a00000|  0%| F|  |TAMS 0x0000000095900000, 0x0000000095900000| Untracked 
| 224|0x0000000095a00000, 0x0000000095a00000, 0x0000000095b00000|  0%| F|  |TAMS 0x0000000095a00000, 0x0000000095a00000| Untracked 
| 225|0x0000000095b00000, 0x0000000095b00000, 0x0000000095c00000|  0%| F|  |TAMS 0x0000000095b00000, 0x0000000095b00000| Untracked 
|1924|0x00000000ffe00000, 0x00000000ffe34000, 0x00000000fff00000| 20%|OA|  |TAMS 0x00000000ffe34000, 0x00000000ffe34000| Untracked 
|1925|0x00000000fff00000, 0x00000000fff6a000, 0x0000000100000000| 41%|CA|  |TAMS 0x00000000fff6a000, 0x00000000fff6a000| Untracked 

Card table byte_map: [0x00007f27f8593000,0x00007f27f8956000] _byte_map_base: 0x00007f27f8156000

Marking Bits (Prev, Next): (CMBitMap*) 0x00007f2810052918, (CMBitMap*) 0x00007f2810052950
 Prev Bits: [0x00007f27f21e8000, 0x00007f27f4000000)
 Next Bits: [0x00007f27f03d0000, 0x00007f27f21e8000)

Polling page: 0x00007f2816644000

Metaspace:

Usage:
  Non-class:      4,15 MB capacity,   856,20 KB ( 20%) used,     3,32 MB ( 80%) free+waste,     1,00 KB ( <1%) overhead. 
      Class:    431,00 KB capacity,    74,48 KB ( 17%) used,   355,70 KB ( 83%) free+waste,   832 bytes ( <1%) overhead. 
       Both:      4,57 MB capacity,   930,68 KB ( 20%) used,     3,66 MB ( 80%) free+waste,     1,81 KB ( <1%) overhead. 

Virtual space:
  Non-class space:        8,00 MB reserved,       4,25 MB ( 53%) committed 
      Class space:        1,00 GB reserved,     512,00 KB ( <1%) committed 
             Both:        1,01 GB reserved,       4,75 MB ( <1%) committed 

Chunk freelists:
   Non-Class:  44,00 KB
       Class:  17,00 KB
        Both:  61,00 KB

CodeHeap 'non-profiled nmethods': size=120032Kb used=168Kb max_used=168Kb free=119863Kb
 bounds [0x00007f280041e000, 0x00007f280068e000, 0x00007f2807956000]
CodeHeap 'profiled nmethods': size=120032Kb used=385Kb max_used=385Kb free=119646Kb
 bounds [0x00007f27f8ee6000, 0x00007f27f9156000, 0x00007f280041e000]
CodeHeap 'non-nmethods': size=5696Kb used=1048Kb max_used=1066Kb free=4647Kb
 bounds [0x00007f27f8956000, 0x00007f27f8bc6000, 0x00007f27f8ee6000]
 total_blobs=792 nmethods=306 adapters=244
 compilation: enabled
              stopped_count=0, restarted_count=0
 full_count=0

Compilation events (10 events):
Event: 0,605 Thread 0x00007f2810111800  303       4       java.io.ObjectInputStream$BlockDataInputStream::readByte (20 bytes)
Event: 0,606 Thread 0x00007f2810111800 nmethod 303 0x00007f2800446290 code [0x00007f2800446420, 0x00007f28004464d8]
Event: 0,606 Thread 0x00007f2810111800  273       4       java.io.ObjectInputStream$PeekInputStream::read (115 bytes)
Event: 0,607 Thread 0x00007f2810111800 nmethod 273 0x00007f2800446610 code [0x00007f28004467c0, 0x00007f2800446928]
Event: 0,617 Thread 0x00007f2810111800  304       4       java.io.FileInputStream::read (8 bytes)
Event: 0,618 Thread 0x00007f2810111800 nmethod 304 0x00007f2800446a90 code [0x00007f2800446c20, 0x00007f2800446cc8]
Event: 0,634 Thread 0x00007f2810111800  305 %     4       java.io.ObjectInputStream::readArray @ 373 (426 bytes)
Event: 0,660 Thread 0x00007f2810111800 nmethod 305% 0x00007f2800446d90 code [0x00007f2800446f60, 0x00007f28004474b8]
Event: 0,701 Thread 0x00007f2810111800  306 %     4       java.io.ObjectInputStream::readArray @ 373 (426 bytes)
Event: 4,919 Thread 0x00007f2810111800 nmethod 306% 0x00007f2800447810 code [0x00007f28004479e0, 0x00007f2800447f28]

GC Heap History (10 events):
Event: 0,602 GC heap after
{Heap after GC invocations=4 (full 0):
 garbage-first heap   total 126976K, used 65144K [0x0000000087a00000, 0x0000000100000000)
  region size 1024K, 3 young (3072K), 3 survivors (3072K)
 Metaspace       used 930K, capacity 4683K, committed 4864K, reserved 1056768K
  class space    used 74K, capacity 431K, committed 512K, reserved 1048576K
}
Event: 0,640 GC heap before
{Heap before GC invocations=4 (full 0):
 garbage-first heap   total 126976K, used 79480K [0x0000000087a00000, 0x0000000100000000)
  region size 1024K, 17 young (17408K), 3 survivors (3072K)
 Metaspace       used 930K, capacity 4683K, committed 4864K, reserved 1056768K
  class space    used 74K, capacity 431K, committed 512K, reserved 1048576K
}
Event: 0,658 GC heap after
{Heap after GC invocations=5 (full 0):
 garbage-first heap   total 233472K, used 79992K [0x0000000087a00000, 0x0000000100000000)
  region size 1024K, 3 young (3072K), 3 survivors (3072K)
 Metaspace       used 930K, capacity 4683K, committed 4864K, reserved 1056768K
  class space    used 74K, capacity 431K, committed 512K, reserved 1048576K
}
Event: 1,032 GC heap before
{Heap before GC invocations=6 (full 0):
 garbage-first heap   total 233472K, used 111736K [0x0000000087a00000, 0x0000000100000000)
  region size 1024K, 34 young (34816K), 3 survivors (3072K)
 Metaspace       used 930K, capacity 4683K, committed 4864K, reserved 1056768K
  class space    used 74K, capacity 431K, committed 512K, reserved 1048576K
}
Event: 4,455 GC heap after
{Heap after GC invocations=7 (full 0):
 garbage-first heap   total 233472K, used 112760K [0x0000000087a00000, 0x0000000100000000)
  region size 1024K, 5 young (5120K), 5 survivors (5120K)
 Metaspace       used 930K, capacity 4683K, committed 4864K, reserved 1056768K
  class space    used 74K, capacity 431K, committed 512K, reserved 1048576K
}
Event: 7,294 GC heap before
{Heap before GC invocations=7 (full 0):
 garbage-first heap   total 233472K, used 118904K [0x0000000087a00000, 0x0000000100000000)
  region size 1024K, 11 young (11264K), 5 survivors (5120K)
 Metaspace       used 930K, capacity 4683K, committed 4864K, reserved 1056768K
  class space    used 74K, capacity 431K, committed 512K, reserved 1048576K
}
Event: 8,519 GC heap after
{Heap after GC invocations=8 (full 0):
 garbage-first heap   total 233472K, used 120440K [0x0000000087a00000, 0x0000000100000000)
  region size 1024K, 2 young (2048K), 2 survivors (2048K)
 Metaspace       used 930K, capacity 4683K, committed 4864K, reserved 1056768K
  class space    used 74K, capacity 431K, committed 512K, reserved 1048576K
}
Event: 11,828 GC heap before
{Heap before GC invocations=9 (full 0):
 garbage-first heap   total 233472K, used 129656K [0x0000000087a00000, 0x0000000100000000)
  region size 1024K, 11 young (11264K), 2 survivors (2048K)
 Metaspace       used 930K, capacity 4683K, committed 4864K, reserved 1056768K
  class space    used 74K, capacity 431K, committed 512K, reserved 1048576K
}
Event: 12,362 GC heap after
{Heap after GC invocations=10 (full 0):
 garbage-first heap   total 233472K, used 130168K [0x0000000087a00000, 0x0000000100000000)
  region size 1024K, 2 young (2048K), 2 survivors (2048K)
 Metaspace       used 930K, capacity 4683K, committed 4864K, reserved 1056768K
  class space    used 74K, capacity 431K, committed 512K, reserved 1048576K
}
Event: 17,365 GC heap before
{Heap before GC invocations=10 (full 0):
 garbage-first heap   total 233472K, used 139384K [0x0000000087a00000, 0x0000000100000000)
  region size 1024K, 11 young (11264K), 2 survivors (2048K)
 Metaspace       used 930K, capacity 4683K, committed 4864K, reserved 1056768K
  class space    used 74K, capacity 431K, committed 512K, reserved 1048576K
}

Deoptimization events (10 events):
Event: 0,668 Thread 0x00007f2810015000 DEOPT PACKING pc=0x00007f2800447344 sp=0x00007f2814fb0400
Event: 0,668 Thread 0x00007f2810015000 DEOPT UNPACKING pc=0x00007f27f897ea25 sp=0x00007f2814fb0398 mode 2
Event: 0,676 Thread 0x00007f2810015000 Uncommon trap: trap_request=0xffffffd6 fr.pc=0x00007f2800447344 relative=0x00000000000003e4
Event: 0,676 Thread 0x00007f2810015000 Uncommon trap: reason=array_check action=maybe_recompile pc=0x00007f2800447344 method=java.io.ObjectInputStream.readArray(Z)Ljava/lang/Object; @ 388 c2
Event: 0,676 Thread 0x00007f2810015000 DEOPT PACKING pc=0x00007f2800447344 sp=0x00007f2814fb0400
Event: 0,676 Thread 0x00007f2810015000 DEOPT UNPACKING pc=0x00007f27f897ea25 sp=0x00007f2814fb0398 mode 2
Event: 0,688 Thread 0x00007f2810015000 Uncommon trap: trap_request=0xffffffd6 fr.pc=0x00007f2800447344 relative=0x00000000000003e4
Event: 0,688 Thread 0x00007f2810015000 Uncommon trap: reason=array_check action=maybe_recompile pc=0x00007f2800447344 method=java.io.ObjectInputStream.readArray(Z)Ljava/lang/Object; @ 388 c2
Event: 0,688 Thread 0x00007f2810015000 DEOPT PACKING pc=0x00007f2800447344 sp=0x00007f2814fb0400
Event: 0,688 Thread 0x00007f2810015000 DEOPT UNPACKING pc=0x00007f27f897ea25 sp=0x00007f2814fb0398 mode 2

Classes redefined (0 events):
No events

Internal exceptions (10 events):
Event: 0,211 Thread 0x00007f2810015000 Exception <a 'java/security/PrivilegedActionException'{0x000000008f22d348}> (0x000000008f22d348) thrown at [/build/openjdk-lts-ZT5jEu/openjdk-lts-11.0.4+11/src/hotspot/share/prims/jvm.cpp, line 1300]
Event: 0,211 Thread 0x00007f2810015000 Exception <a 'java/security/PrivilegedActionException'{0x000000008f22d618}> (0x000000008f22d618) thrown at [/build/openjdk-lts-ZT5jEu/openjdk-lts-11.0.4+11/src/hotspot/share/prims/jvm.cpp, line 1300]
Event: 0,211 Thread 0x00007f2810015000 Exception <a 'java/security/PrivilegedActionException'{0x000000008f22e298}> (0x000000008f22e298) thrown at [/build/openjdk-lts-ZT5jEu/openjdk-lts-11.0.4+11/src/hotspot/share/prims/jvm.cpp, line 1300]
Event: 0,211 Thread 0x00007f2810015000 Exception <a 'java/security/PrivilegedActionException'{0x000000008f22e568}> (0x000000008f22e568) thrown at [/build/openjdk-lts-ZT5jEu/openjdk-lts-11.0.4+11/src/hotspot/share/prims/jvm.cpp, line 1300]
Event: 0,211 Thread 0x00007f2810015000 Exception <a 'java/security/PrivilegedActionException'{0x000000008f22f1f8}> (0x000000008f22f1f8) thrown at [/build/openjdk-lts-ZT5jEu/openjdk-lts-11.0.4+11/src/hotspot/share/prims/jvm.cpp, line 1300]
Event: 0,211 Thread 0x00007f2810015000 Exception <a 'java/security/PrivilegedActionException'{0x000000008f22f4c8}> (0x000000008f22f4c8) thrown at [/build/openjdk-lts-ZT5jEu/openjdk-lts-11.0.4+11/src/hotspot/share/prims/jvm.cpp, line 1300]
Event: 0,211 Thread 0x00007f2810015000 Exception <a 'java/security/PrivilegedActionException'{0x000000008f230158}> (0x000000008f230158) thrown at [/build/openjdk-lts-ZT5jEu/openjdk-lts-11.0.4+11/src/hotspot/share/prims/jvm.cpp, line 1300]
Event: 0,211 Thread 0x00007f2810015000 Exception <a 'java/security/PrivilegedActionException'{0x000000008f230428}> (0x000000008f230428) thrown at [/build/openjdk-lts-ZT5jEu/openjdk-lts-11.0.4+11/src/hotspot/share/prims/jvm.cpp, line 1300]
Event: 0,211 Thread 0x00007f2810015000 Exception <a 'java/security/PrivilegedActionException'{0x000000008f2310f0}> (0x000000008f2310f0) thrown at [/build/openjdk-lts-ZT5jEu/openjdk-lts-11.0.4+11/src/hotspot/share/prims/jvm.cpp, line 1300]
Event: 0,211 Thread 0x00007f2810015000 Exception <a 'java/security/PrivilegedActionException'{0x000000008f2313c0}> (0x000000008f2313c0) thrown at [/build/openjdk-lts-ZT5jEu/openjdk-lts-11.0.4+11/src/hotspot/share/prims/jvm.cpp, line 1300]

Events (10 events):
Event: 4,739 Executing VM operation: G1CollectForAllocation done
Event: 7,188 Executing VM operation: G1CollectForAllocation
Event: 8,750 Executing VM operation: G1CollectForAllocation done
Event: 11,252 Executing VM operation: CGC_Operation
Event: 11,349 Executing VM operation: CGC_Operation done
Event: 11,469 Executing VM operation: CGC_Operation
Event: 11,704 Executing VM operation: CGC_Operation done
Event: 11,799 Executing VM operation: G1CollectForAllocation
Event: 12,454 Executing VM operation: G1CollectForAllocation done
Event: 16,917 Executing VM operation: G1CollectForAllocation


Dynamic libraries:
87a00000-95c00000 rw-p 00000000 00:00 0 
b2400000-ffe00000 ---p 00000000 00:00 0 
ffe00000-ffe34000 rw-p 01116000 fd:01 4849721                            /usr/lib/jvm/java-11-openjdk-amd64/lib/server/classes.jsa
ffe34000-fff00000 rw-p 00000000 00:00 0 
fff00000-fff6a000 rw-p 010ac000 fd:01 4849721                            /usr/lib/jvm/java-11-openjdk-amd64/lib/server/classes.jsa
fff6a000-100000000 rw-p 00000000 00:00 0 
800000000-800002000 rwxp 00001000 fd:01 4849721                          /usr/lib/jvm/java-11-openjdk-amd64/lib/server/classes.jsa
800002000-8003bd000 rw-p 00003000 fd:01 4849721                          /usr/lib/jvm/java-11-openjdk-amd64/lib/server/classes.jsa
8003bd000-800a98000 r--p 003be000 fd:01 4849721                          /usr/lib/jvm/java-11-openjdk-amd64/lib/server/classes.jsa
800a98000-800a99000 rw-p 00a99000 fd:01 4849721                          /usr/lib/jvm/java-11-openjdk-amd64/lib/server/classes.jsa
800a99000-8010ab000 r--p 00a9a000 fd:01 4849721                          /usr/lib/jvm/java-11-openjdk-amd64/lib/server/classes.jsa
840000000-840080000 rw-p 00000000 00:00 0 
840080000-880000000 ---p 00000000 00:00 0 
55b2116fb000-55b2116fc000 r--p 00000000 fd:01 4721333                    /usr/lib/jvm/java-11-openjdk-amd64/bin/java
55b2116fc000-55b2116fd000 r-xp 00001000 fd:01 4721333                    /usr/lib/jvm/java-11-openjdk-amd64/bin/java
55b2116fd000-55b2116fe000 r--p 00002000 fd:01 4721333                    /usr/lib/jvm/java-11-openjdk-amd64/bin/java
55b2116fe000-55b2116ff000 r--p 00002000 fd:01 4721333                    /usr/lib/jvm/java-11-openjdk-amd64/bin/java
55b2116ff000-55b211700000 rw-p 00003000 fd:01 4721333                    /usr/lib/jvm/java-11-openjdk-amd64/bin/java
55b212412000-55b212433000 rw-p 00000000 00:00 0                          [heap]
7f27a0000000-7f27a0021000 rw-p 00000000 00:00 0 
7f27a0021000-7f27a4000000 ---p 00000000 00:00 0 
7f27a8000000-7f27a8021000 rw-p 00000000 00:00 0 
7f27a8021000-7f27ac000000 ---p 00000000 00:00 0 
7f27ac000000-7f27ac021000 rw-p 00000000 00:00 0 
7f27ac021000-7f27b0000000 ---p 00000000 00:00 0 
7f27b0000000-7f27b0021000 rw-p 00000000 00:00 0 
7f27b0021000-7f27b4000000 ---p 00000000 00:00 0 
7f27b7bf9000-7f27b7bfa000 ---p 00000000 00:00 0 
7f27b7bfa000-7f27b7cfb000 rw-p 00000000 00:00 0 
7f27b7cfb000-7f27b7cfc000 ---p 00000000 00:00 0 
7f27b7cfc000-7f27b7dfd000 rw-p 00000000 00:00 0 
7f27b7dfd000-7f27b7dfe000 ---p 00000000 00:00 0 
7f27b7dfe000-7f27b7eff000 rw-p 00000000 00:00 0 
7f27b7eff000-7f27b7f03000 ---p 00000000 00:00 0 
7f27b7f03000-7f27b8000000 rw-p 00000000 00:00 0 
7f27b8000000-7f27b8021000 rw-p 00000000 00:00 0 
7f27b8021000-7f27bc000000 ---p 00000000 00:00 0 
7f27bc000000-7f27bc021000 rw-p 00000000 00:00 0 
7f27bc021000-7f27c0000000 ---p 00000000 00:00 0 
7f27c0000000-7f27c00ee000 rw-p 00000000 00:00 0 
7f27c00ee000-7f27c4000000 ---p 00000000 00:00 0 
7f27c4000000-7f27c4021000 rw-p 00000000 00:00 0 
7f27c4021000-7f27c8000000 ---p 00000000 00:00 0 
7f27c8000000-7f27c8021000 rw-p 00000000 00:00 0 
7f27c8021000-7f27cc000000 ---p 00000000 00:00 0 
7f27cc000000-7f27cc41e000 rw-p 00000000 00:00 0 
7f27cc41e000-7f27d0000000 ---p 00000000 00:00 0 
7f27d0000000-7f27d0021000 rw-p 00000000 00:00 0 
7f27d0021000-7f27d4000000 ---p 00000000 00:00 0 
7f27d4000000-7f27d4021000 rw-p 00000000 00:00 0 
7f27d4021000-7f27d8000000 ---p 00000000 00:00 0 
7f27d8000000-7f27d8021000 rw-p 00000000 00:00 0 
7f27d8021000-7f27dc000000 ---p 00000000 00:00 0 
7f27dc000000-7f27dc097000 rw-p 00000000 00:00 0 
7f27dc097000-7f27e0000000 ---p 00000000 00:00 0 
7f27e0000000-7f27e0021000 rw-p 00000000 00:00 0 
7f27e0021000-7f27e4000000 ---p 00000000 00:00 0 
7f27e4000000-7f27e4021000 rw-p 00000000 00:00 0 
7f27e4021000-7f27e8000000 ---p 00000000 00:00 0 
7f27e8018000-7f27e8019000 ---p 00000000 00:00 0 
7f27e8019000-7f27e811a000 rw-p 00000000 00:00 0 
7f27e811a000-7f27e811e000 ---p 00000000 00:00 0 
7f27e811e000-7f27e821b000 rw-p 00000000 00:00 0 
7f27e821b000-7f27e821f000 ---p 00000000 00:00 0 
7f27e821f000-7f27e831c000 rw-p 00000000 00:00 0 
7f27e831c000-7f27e8320000 ---p 00000000 00:00 0 
7f27e8320000-7f27e841d000 rw-p 00000000 00:00 0 
7f27e841d000-7f27e8421000 ---p 00000000 00:00 0 
7f27e8421000-7f27e851e000 rw-p 00000000 00:00 0 
7f27e851e000-7f27e8522000 ---p 00000000 00:00 0 
7f27e8522000-7f27e861f000 rw-p 00000000 00:00 0 
7f27e861f000-7f27e93fa000 r--p 00000000 fd:01 3677137                    /usr/lib/locale/locale-archive
7f27e93fa000-7f27e93fe000 ---p 00000000 00:00 0 
7f27e93fe000-7f27e94fb000 rw-p 00000000 00:00 0 
7f27e94fb000-7f27e94ff000 ---p 00000000 00:00 0 
7f27e94ff000-7f27e95fc000 rw-p 00000000 00:00 0 
7f27e95fc000-7f27e95fd000 ---p 00000000 00:00 0 
7f27e95fd000-7f27e9b3e000 rw-p 00000000 00:00 0 
7f27e9b3e000-7f27e9efe000 ---p 00000000 00:00 0 
7f27e9efe000-7f27e9eff000 ---p 00000000 00:00 0 
7f27e9eff000-7f27ec000000 rw-p 00000000 00:00 0 
7f27ec000000-7f27ec021000 rw-p 00000000 00:00 0 
7f27ec021000-7f27f0000000 ---p 00000000 00:00 0 
7f27f004b000-7f27f00cc000 rw-p 00000000 00:00 0 
7f27f00cc000-7f27f00cd000 ---p 00000000 00:00 0 
7f27f00cd000-7f27f0758000 rw-p 00000000 00:00 0 
7f27f0758000-7f27f21e0000 ---p 00000000 00:00 0 
7f27f21e0000-7f27f2570000 rw-p 00000000 00:00 0 
7f27f2570000-7f27f3ff8000 ---p 00000000 00:00 0 
7f27f3ff8000-7f27f4000000 rw-p 00000000 00:00 0 
7f27f4000000-7f27f4021000 rw-p 00000000 00:00 0 
7f27f4021000-7f27f8000000 ---p 00000000 00:00 0 
7f27f8002000-7f27f8033000 rw-p 00000000 00:00 0 
7f27f8033000-7f27f8037000 r--p 00000000 fd:01 4852859                    /usr/lib/jvm/java-11-openjdk-amd64/lib/libnet.so
7f27f8037000-7f27f8046000 r-xp 00004000 fd:01 4852859                    /usr/lib/jvm/java-11-openjdk-amd64/lib/libnet.so
7f27f8046000-7f27f804a000 r--p 00013000 fd:01 4852859                    /usr/lib/jvm/java-11-openjdk-amd64/lib/libnet.so
7f27f804a000-7f27f804b000 r--p 00016000 fd:01 4852859                    /usr/lib/jvm/java-11-openjdk-amd64/lib/libnet.so
7f27f804b000-7f27f804c000 rw-p 00017000 fd:01 4852859                    /usr/lib/jvm/java-11-openjdk-amd64/lib/libnet.so
7f27f804c000-7f27f8241000 rw-p 00000000 00:00 0 
7f27f8241000-7f27f8592000 ---p 00000000 00:00 0 
7f27f8592000-7f27f8604000 rw-p 00000000 00:00 0 
7f27f8604000-7f27f8955000 ---p 00000000 00:00 0 
7f27f8955000-7f27f8956000 rw-p 00000000 00:00 0 
7f27f8956000-7f27f8bc6000 rwxp 00000000 00:00 0 
7f27f8bc6000-7f27f8ee6000 ---p 00000000 00:00 0 
7f27f8ee6000-7f27f9156000 rwxp 00000000 00:00 0 
7f27f9156000-7f280041e000 ---p 00000000 00:00 0 
7f280041e000-7f280068e000 rwxp 00000000 00:00 0 
7f280068e000-7f2807956000 ---p 00000000 00:00 0 
7f2807956000-7f2810000000 r--s 00000000 fd:01 4856508                    /usr/lib/jvm/java-11-openjdk-amd64/lib/modules
7f2810000000-7f2810382000 rw-p 00000000 00:00 0 
7f2810382000-7f2814000000 ---p 00000000 00:00 0 
7f2814002000-7f2814009000 r--p 00000000 fd:01 4852860                    /usr/lib/jvm/java-11-openjdk-amd64/lib/libnio.so
7f2814009000-7f2814010000 r-xp 00007000 fd:01 4852860                    /usr/lib/jvm/java-11-openjdk-amd64/lib/libnio.so
7f2814010000-7f2814013000 r--p 0000e000 fd:01 4852860                    /usr/lib/jvm/java-11-openjdk-amd64/lib/libnio.so
7f2814013000-7f2814014000 r--p 00010000 fd:01 4852860                    /usr/lib/jvm/java-11-openjdk-amd64/lib/libnio.so
7f2814014000-7f2814015000 rw-p 00011000 fd:01 4852860                    /usr/lib/jvm/java-11-openjdk-amd64/lib/libnio.so
7f2814015000-7f2814158000 rw-p 00000000 00:00 0 
7f2814158000-7f2814159000 ---p 00000000 00:00 0 
7f2814159000-7f281425a000 rw-p 00000000 00:00 0 
7f281425a000-7f281425b000 ---p 00000000 00:00 0 
7f281425b000-7f281440d000 rw-p 00000000 00:00 0 
7f281440d000-7f281475e000 ---p 00000000 00:00 0 
7f281475e000-7f2814b63000 rw-p 00000000 00:00 0 
7f2814b63000-7f2814b64000 ---p 00000000 00:00 0 
7f2814b64000-7f2814c6a000 rw-p 00000000 00:00 0 
7f2814c6a000-7f2814d50000 ---p 00000000 00:00 0 
7f2814d50000-7f2814d55000 rw-p 00000000 00:00 0 
7f2814d55000-7f2814e3b000 ---p 00000000 00:00 0 
7f2814e3b000-7f2814e40000 rw-p 00000000 00:00 0 
7f2814e40000-7f2814e47000 ---p 00000000 00:00 0 
7f2814e47000-7f2814e49000 r--p 00000000 fd:01 4852851                    /usr/lib/jvm/java-11-openjdk-amd64/lib/libjimage.so
7f2814e49000-7f2814e4c000 r-xp 00002000 fd:01 4852851                    /usr/lib/jvm/java-11-openjdk-amd64/lib/libjimage.so
7f2814e4c000-7f2814e4e000 r--p 00005000 fd:01 4852851                    /usr/lib/jvm/java-11-openjdk-amd64/lib/libjimage.so
7f2814e4e000-7f2814e4f000 r--p 00006000 fd:01 4852851                    /usr/lib/jvm/java-11-openjdk-amd64/lib/libjimage.so
7f2814e4f000-7f2814e50000 rw-p 00007000 fd:01 4852851                    /usr/lib/jvm/java-11-openjdk-amd64/lib/libjimage.so
7f2814e50000-7f2814e53000 r--p 00000000 fd:01 3678504                    /usr/lib/x86_64-linux-gnu/libnss_files-2.29.so
7f2814e53000-7f2814e5a000 r-xp 00003000 fd:01 3678504                    /usr/lib/x86_64-linux-gnu/libnss_files-2.29.so
7f2814e5a000-7f2814e5c000 r--p 0000a000 fd:01 3678504                    /usr/lib/x86_64-linux-gnu/libnss_files-2.29.so
7f2814e5c000-7f2814e5d000 r--p 0000b000 fd:01 3678504                    /usr/lib/x86_64-linux-gnu/libnss_files-2.29.so
7f2814e5d000-7f2814e5e000 rw-p 0000c000 fd:01 3678504                    /usr/lib/x86_64-linux-gnu/libnss_files-2.29.so
7f2814e5e000-7f2814e64000 rw-p 00000000 00:00 0 
7f2814e68000-7f2814e6a000 r--p 00000000 fd:01 4852868                    /usr/lib/jvm/java-11-openjdk-amd64/lib/libzip.so
7f2814e6a000-7f2814e6e000 r-xp 00002000 fd:01 4852868                    /usr/lib/jvm/java-11-openjdk-amd64/lib/libzip.so
7f2814e6e000-7f2814e70000 r--p 00006000 fd:01 4852868                    /usr/lib/jvm/java-11-openjdk-amd64/lib/libzip.so
7f2814e70000-7f2814e71000 r--p 00007000 fd:01 4852868                    /usr/lib/jvm/java-11-openjdk-amd64/lib/libzip.so
7f2814e71000-7f2814e72000 rw-p 00008000 fd:01 4852868                    /usr/lib/jvm/java-11-openjdk-amd64/lib/libzip.so
7f2814e72000-7f2814e7a000 rw-s 00000000 fd:01 1313141                    /tmp/hsperfdata_johannes/9429
7f2814e7a000-7f2814e87000 r--p 00000000 fd:01 4852847                    /usr/lib/jvm/java-11-openjdk-amd64/lib/libjava.so
7f2814e87000-7f2814e9c000 r-xp 0000d000 fd:01 4852847                    /usr/lib/jvm/java-11-openjdk-amd64/lib/libjava.so
7f2814e9c000-7f2814ea3000 r--p 00022000 fd:01 4852847                    /usr/lib/jvm/java-11-openjdk-amd64/lib/libjava.so
7f2814ea3000-7f2814ea4000 r--p 00028000 fd:01 4852847                    /usr/lib/jvm/java-11-openjdk-amd64/lib/libjava.so
7f2814ea4000-7f2814ea6000 rw-p 00029000 fd:01 4852847                    /usr/lib/jvm/java-11-openjdk-amd64/lib/libjava.so
7f2814ea6000-7f2814ea9000 r--p 00000000 fd:01 3678710                    /usr/lib/x86_64-linux-gnu/librt-2.29.so
7f2814ea9000-7f2814ead000 r-xp 00003000 fd:01 3678710                    /usr/lib/x86_64-linux-gnu/librt-2.29.so
7f2814ead000-7f2814eaf000 r--p 00007000 fd:01 3678710                    /usr/lib/x86_64-linux-gnu/librt-2.29.so
7f2814eaf000-7f2814eb0000 r--p 00008000 fd:01 3678710                    /usr/lib/x86_64-linux-gnu/librt-2.29.so
7f2814eb0000-7f2814eb1000 rw-p 00009000 fd:01 3678710                    /usr/lib/x86_64-linux-gnu/librt-2.29.so
7f2814eb1000-7f2814eb5000 ---p 00000000 00:00 0 
7f2814eb5000-7f2814fb2000 rw-p 00000000 00:00 0 
7f2814fb2000-7f2814fb5000 r--p 00000000 fd:01 3671819                    /usr/lib/x86_64-linux-gnu/libgcc_s.so.1
7f2814fb5000-7f2814fc6000 r-xp 00003000 fd:01 3671819                    /usr/lib/x86_64-linux-gnu/libgcc_s.so.1
7f2814fc6000-7f2814fca000 r--p 00014000 fd:01 3671819                    /usr/lib/x86_64-linux-gnu/libgcc_s.so.1
7f2814fca000-7f2814fcb000 r--p 00017000 fd:01 3671819                    /usr/lib/x86_64-linux-gnu/libgcc_s.so.1
7f2814fcb000-7f2814fcc000 rw-p 00018000 fd:01 3671819                    /usr/lib/x86_64-linux-gnu/libgcc_s.so.1
7f2814fcc000-7f2814fdb000 r--p 00000000 fd:01 3678381                    /usr/lib/x86_64-linux-gnu/libm-2.29.so
7f2814fdb000-7f2815081000 r-xp 0000f000 fd:01 3678381                    /usr/lib/x86_64-linux-gnu/libm-2.29.so
7f2815081000-7f2815118000 r--p 000b5000 fd:01 3678381                    /usr/lib/x86_64-linux-gnu/libm-2.29.so
7f2815118000-7f2815119000 r--p 0014b000 fd:01 3678381                    /usr/lib/x86_64-linux-gnu/libm-2.29.so
7f2815119000-7f281511a000 rw-p 0014c000 fd:01 3678381                    /usr/lib/x86_64-linux-gnu/libm-2.29.so
7f281511a000-7f28151af000 r--p 00000000 fd:01 3671801                    /usr/lib/x86_64-linux-gnu/libstdc++.so.6.0.26
7f28151af000-7f28152a1000 r-xp 00095000 fd:01 3671801                    /usr/lib/x86_64-linux-gnu/libstdc++.so.6.0.26
7f28152a1000-7f28152ea000 r--p 00187000 fd:01 3671801                    /usr/lib/x86_64-linux-gnu/libstdc++.so.6.0.26
7f28152ea000-7f28152eb000 ---p 001d0000 fd:01 3671801                    /usr/lib/x86_64-linux-gnu/libstdc++.so.6.0.26
7f28152eb000-7f28152f6000 r--p 001d0000 fd:01 3671801                    /usr/lib/x86_64-linux-gnu/libstdc++.so.6.0.26
7f28152f6000-7f28152f9000 rw-p 001db000 fd:01 3671801                    /usr/lib/x86_64-linux-gnu/libstdc++.so.6.0.26
7f28152f9000-7f28152fc000 rw-p 00000000 00:00 0 
7f28152fc000-7f281556b000 r--p 00000000 fd:01 4856512                    /usr/lib/jvm/java-11-openjdk-amd64/lib/server/libjvm.so
7f281556b000-7f281608b000 r-xp 0026f000 fd:01 4856512                    /usr/lib/jvm/java-11-openjdk-amd64/lib/server/libjvm.so
7f281608b000-7f28162c4000 r--p 00d8f000 fd:01 4856512                    /usr/lib/jvm/java-11-openjdk-amd64/lib/server/libjvm.so
7f28162c4000-7f28162c5000 ---p 00fc8000 fd:01 4856512                    /usr/lib/jvm/java-11-openjdk-amd64/lib/server/libjvm.so
7f28162c5000-7f2816382000 r--p 00fc8000 fd:01 4856512                    /usr/lib/jvm/java-11-openjdk-amd64/lib/server/libjvm.so
7f2816382000-7f28163bb000 rw-p 01085000 fd:01 4856512                    /usr/lib/jvm/java-11-openjdk-amd64/lib/server/libjvm.so
7f28163bb000-7f2816413000 rw-p 00000000 00:00 0 
7f2816413000-7f281641a000 r--p 00000000 fd:01 3678644                    /usr/lib/x86_64-linux-gnu/libpthread-2.29.so
7f281641a000-7f2816429000 r-xp 00007000 fd:01 3678644                    /usr/lib/x86_64-linux-gnu/libpthread-2.29.so
7f2816429000-7f281642e000 r--p 00016000 fd:01 3678644                    /usr/lib/x86_64-linux-gnu/libpthread-2.29.so
7f281642e000-7f281642f000 r--p 0001a000 fd:01 3678644                    /usr/lib/x86_64-linux-gnu/libpthread-2.29.so
7f281642f000-7f2816430000 rw-p 0001b000 fd:01 3678644                    /usr/lib/x86_64-linux-gnu/libpthread-2.29.so
7f2816430000-7f2816434000 rw-p 00000000 00:00 0 
7f2816434000-7f2816435000 r--p 00000000 fd:01 3677903                    /usr/lib/x86_64-linux-gnu/libdl-2.29.so
7f2816435000-7f2816437000 r-xp 00001000 fd:01 3677903                    /usr/lib/x86_64-linux-gnu/libdl-2.29.so
7f2816437000-7f2816438000 r--p 00003000 fd:01 3677903                    /usr/lib/x86_64-linux-gnu/libdl-2.29.so
7f2816438000-7f2816439000 r--p 00003000 fd:01 3677903                    /usr/lib/x86_64-linux-gnu/libdl-2.29.so
7f2816439000-7f281643a000 rw-p 00004000 fd:01 3677903                    /usr/lib/x86_64-linux-gnu/libdl-2.29.so
7f281643a000-7f281643c000 r--p 00000000 fd:01 3679041                    /usr/lib/x86_64-linux-gnu/libz.so.1.2.11
7f281643c000-7f281644d000 r-xp 00002000 fd:01 3679041                    /usr/lib/x86_64-linux-gnu/libz.so.1.2.11
7f281644d000-7f2816453000 r--p 00013000 fd:01 3679041                    /usr/lib/x86_64-linux-gnu/libz.so.1.2.11
7f2816453000-7f2816454000 ---p 00019000 fd:01 3679041                    /usr/lib/x86_64-linux-gnu/libz.so.1.2.11
7f2816454000-7f2816455000 r--p 00019000 fd:01 3679041                    /usr/lib/x86_64-linux-gnu/libz.so.1.2.11
7f2816455000-7f2816456000 rw-p 0001a000 fd:01 3679041                    /usr/lib/x86_64-linux-gnu/libz.so.1.2.11
7f2816456000-7f281647b000 r--p 00000000 fd:01 3677766                    /usr/lib/x86_64-linux-gnu/libc-2.29.so
7f281647b000-7f28165ee000 r-xp 00025000 fd:01 3677766                    /usr/lib/x86_64-linux-gnu/libc-2.29.so
7f28165ee000-7f2816637000 r--p 00198000 fd:01 3677766                    /usr/lib/x86_64-linux-gnu/libc-2.29.so
7f2816637000-7f281663a000 r--p 001e0000 fd:01 3677766                    /usr/lib/x86_64-linux-gnu/libc-2.29.so
7f281663a000-7f281663d000 rw-p 001e3000 fd:01 3677766                    /usr/lib/x86_64-linux-gnu/libc-2.29.so
7f281663d000-7f2816641000 rw-p 00000000 00:00 0 
7f2816642000-7f2816644000 r--s 00007000 fd:01 4459760                    /usr/share/java/java-atk-wrapper.jar
7f2816644000-7f2816645000 ---p 00000000 00:00 0 
7f2816645000-7f2816646000 r--p 00000000 00:00 0 
7f2816646000-7f281664b000 r--p 00000000 fd:01 4852867                    /usr/lib/jvm/java-11-openjdk-amd64/lib/libverify.so
7f281664b000-7f2816652000 r-xp 00005000 fd:01 4852867                    /usr/lib/jvm/java-11-openjdk-amd64/lib/libverify.so
7f2816652000-7f2816654000 r--p 0000c000 fd:01 4852867                    /usr/lib/jvm/java-11-openjdk-amd64/lib/libverify.so
7f2816654000-7f2816656000 r--p 0000d000 fd:01 4852867                    /usr/lib/jvm/java-11-openjdk-amd64/lib/libverify.so
7f2816656000-7f2816657000 rw-p 0000f000 fd:01 4852867                    /usr/lib/jvm/java-11-openjdk-amd64/lib/libverify.so
7f2816657000-7f281665a000 r--p 00000000 fd:01 4852828                    /usr/lib/jvm/java-11-openjdk-amd64/lib/jli/libjli.so
7f281665a000-7f2816664000 r-xp 00003000 fd:01 4852828                    /usr/lib/jvm/java-11-openjdk-amd64/lib/jli/libjli.so
7f2816664000-7f2816667000 r--p 0000d000 fd:01 4852828                    /usr/lib/jvm/java-11-openjdk-amd64/lib/jli/libjli.so
7f2816667000-7f2816668000 r--p 0000f000 fd:01 4852828                    /usr/lib/jvm/java-11-openjdk-amd64/lib/jli/libjli.so
7f2816668000-7f2816669000 rw-p 00010000 fd:01 4852828                    /usr/lib/jvm/java-11-openjdk-amd64/lib/jli/libjli.so
7f2816669000-7f281666b000 rw-p 00000000 00:00 0 
7f281666b000-7f281666c000 r--p 00000000 fd:01 3677550                    /usr/lib/x86_64-linux-gnu/ld-2.29.so
7f281666c000-7f281668d000 r-xp 00001000 fd:01 3677550                    /usr/lib/x86_64-linux-gnu/ld-2.29.so
7f281668d000-7f2816695000 r--p 00022000 fd:01 3677550                    /usr/lib/x86_64-linux-gnu/ld-2.29.so
7f2816695000-7f2816696000 r--p 00029000 fd:01 3677550                    /usr/lib/x86_64-linux-gnu/ld-2.29.so
7f2816696000-7f2816697000 rw-p 0002a000 fd:01 3677550                    /usr/lib/x86_64-linux-gnu/ld-2.29.so
7f2816697000-7f2816698000 rw-p 00000000 00:00 0 
7ffe427a8000-7ffe427cd000 rw-p 00000000 00:00 0                          [stack]
7ffe427de000-7ffe427e1000 r--p 00000000 00:00 0                          [vvar]
7ffe427e1000-7ffe427e2000 r-xp 00000000 00:00 0                          [vdso]
ffffffffff600000-ffffffffff601000 r-xp 00000000 00:00 0                  [vsyscall]


VM Arguments:
jvm_args: -Dfile.encoding=UTF-8 
java_command: edu.kit.ipd.sdq.modsim.descomp.services.DomainCompare
java_class_path (initial): /home/johannes/Dokumente/masterarbeit_eclipse/git/masterarbeit/bin/main:/home/johannes/Dokumente/masterarbeit_eclipse/git/masterarbeit/bin/test:/home/johannes/Dokumente/masterarbeit_eclipse/git/masterarbeit/lib/com.microsoft.z3.jar:/home/johannes/.gradle/caches/modules-2/files-2.1/org.springframework.shell/spring-shell-starter/2.0.1.RELEASE/1d760b0bf273e75106e515b1704332540ea9d271/spring-shell-starter-2.0.1.RELEASE.jar:/home/johannes/.gradle/caches/modules-2/files-2.1/com.github.linguatools/disco/v3.0.0/daf8e93b0756587a3f99e1e3c8cf9b9d8772049c/disco-v3.0.0.jar:/home/johannes/.gradle/caches/modules-2/files-2.1/org.springframework.boot/spring-boot-starter-data-neo4j/2.1.4.RELEASE/4aafc8e3563767213bfe8c490de99109868e1a6e/spring-boot-starter-data-neo4j-2.1.4.RELEASE.jar:/home/johannes/.gradle/caches/modules-2/files-2.1/ca.mcgill.sable/soot/3.3.0/158592d341a0831345dcfc21ef44f47100519913/soot-3.3.0.jar:/home/johannes/.gradle/caches/modules-2/files-2.1/org.springframework.shell/spring-shell-standard-commands/2.0.1.RELEASE/7afd691ad74478464a6f02a0eb04102ecfece039/spring-shell-standard-commands-2.0.1.RELEASE.jar:/home/johannes/.gradle/caches/modules-2/files-2.1/org.springframework.shell/spring-shell-standard/2.0.1.RELEASE/b33d04c5e60b05917510fb0fe3bbeed08e61bdec/spring-shell-standard-2.0.1.RELEASE.jar:/home/johannes/.gradle/caches/modules-2/files-2.1/org.springframework.shell/spring-shell-shell1-adapter/2.0.1.RELEASE/a2f992739326238ca1ae103985d6fd0da1bfe4e3/spring-shell-shell1-adapter-2.0.1.RELEASE.jar:/home/johannes/.gradle/caches/modules-2/files-2.1/org.springframework.shell/spring-shell-jcommander-adapter/2.0.1.RELEASE/f4ea6408934461bd5184c73cc656dffad0432fb8/spring-shell-jcommander-adapter-2.0.1.RELEASE.jar:/home/johannes/.gradle/caches/modules-2/files-2.1/org.springframework.shell/spring-shell-core/2.0.1.RELEASE/2a3a34af90dbf3b120f87bab67300d4d63bc687a/spring-shell-core-2.0.1.RELEASE.jar:/home/johannes/.gradle/caches/modules-2/files-2.1/org.
Launcher Type: SUN_STANDARD

[Global flags]
     intx CICompilerCount                          = 3                                         {product} {ergonomic}
     uint ConcGCThreads                            = 1                                         {product} {ergonomic}
     uint G1ConcRefinementThreads                  = 4                                         {product} {ergonomic}
   size_t G1HeapRegionSize                         = 1048576                                   {product} {ergonomic}
    uintx GCDrainStackTargetSize                   = 64                                        {product} {ergonomic}
   size_t InitialHeapSize                          = 127926272                                 {product} {ergonomic}
   size_t MarkStackSize                            = 4194304                                   {product} {ergonomic}
   size_t MaxHeapSize                              = 2019557376                                {product} {ergonomic}
   size_t MaxNewSize                               = 1211105280                                {product} {ergonomic}
   size_t MinHeapDeltaBytes                        = 1048576                                   {product} {ergonomic}
    uintx NonNMethodCodeHeapSize                   = 5830092                                {pd product} {ergonomic}
    uintx NonProfiledCodeHeapSize                  = 122914074                              {pd product} {ergonomic}
    uintx ProfiledCodeHeapSize                     = 122914074                              {pd product} {ergonomic}
    uintx ReservedCodeCacheSize                    = 251658240                              {pd product} {ergonomic}
     bool SegmentedCodeCache                       = true                                      {product} {ergonomic}
     bool UseCompressedClassPointers               = true                                 {lp64_product} {ergonomic}
     bool UseCompressedOops                        = true                                 {lp64_product} {ergonomic}
     bool UseG1GC                                  = true                                      {product} {ergonomic}

Logging:
Log output configuration:
 #0: stdout all=warning uptime,level,tags
 #1: stderr all=off uptime,level,tags

Environment Variables:
PATH=/home/johannes/.local/bin:/usr/local/sbin:/usr/local/bin:/usr/sbin:/usr/bin:/sbin:/bin:/usr/games:/usr/local/games:/snap/bin
USERNAME=johannes
SHELL=/usr/bin/zsh
DISPLAY=:0

Signal Handlers:
SIGSEGV: [libjvm.so+0xd1cc80], sa_mask[0]=11111111011111111101111111111110, sa_flags=SA_RESTART|SA_SIGINFO
SIGBUS: [libjvm.so+0xd1cc80], sa_mask[0]=11111111011111111101111111111110, sa_flags=SA_RESTART|SA_SIGINFO
SIGFPE: [libjvm.so+0xd1cc80], sa_mask[0]=11111111011111111101111111111110, sa_flags=SA_RESTART|SA_SIGINFO
SIGPIPE: [libjvm.so+0xb239a0], sa_mask[0]=11111111011111111101111111111110, sa_flags=SA_RESTART|SA_SIGINFO
SIGXFSZ: [libjvm.so+0xb239a0], sa_mask[0]=11111111011111111101111111111110, sa_flags=SA_RESTART|SA_SIGINFO
SIGILL: [libjvm.so+0xd1cc80], sa_mask[0]=11111111011111111101111111111110, sa_flags=SA_RESTART|SA_SIGINFO
SIGUSR2: [libjvm.so+0xb23830], sa_mask[0]=00100000000000000000000000000000, sa_flags=SA_RESTART|SA_SIGINFO
SIGHUP: [libjvm.so+0xb23ce0], sa_mask[0]=11111111011111111101111111111110, sa_flags=SA_RESTART|SA_SIGINFO
SIGINT: [libjvm.so+0xb23ce0], sa_mask[0]=11111111011111111101111111111110, sa_flags=SA_RESTART|SA_SIGINFO
SIGTERM: [libjvm.so+0xb23ce0], sa_mask[0]=11111111011111111101111111111110, sa_flags=SA_RESTART|SA_SIGINFO
SIGQUIT: [libjvm.so+0xb23ce0], sa_mask[0]=11111111011111111101111111111110, sa_flags=SA_RESTART|SA_SIGINFO


---------------  S Y S T E M  ---------------

OS:DISTRIB_ID=Ubuntu
DISTRIB_RELEASE=19.04
DISTRIB_CODENAME=disco
DISTRIB_DESCRIPTION="Ubuntu 19.04"
uname:Linux 5.0.0-25-generic #26-Ubuntu SMP Thu Aug 1 12:04:58 UTC 2019 x86_64
libc:glibc 2.29 NPTL 2.29 
rlimit: STACK 8192k, CORE 0k, NPROC 30521, NOFILE 524288, AS infinity, DATA infinity, FSIZE infinity
load average:35,27 11,00 4,93

/proc/meminfo:
MemTotal:        7886964 kB
MemFree:          128556 kB
MemAvailable:      80036 kB
Buffers:            3228 kB
Cached:           354120 kB
SwapCached:        26376 kB
Active:          6163872 kB
Inactive:        1168448 kB
Active(anon):    6136592 kB
Inactive(anon):  1125040 kB
Active(file):      27280 kB
Inactive(file):    43408 kB
Unevictable:       16856 kB
Mlocked:              48 kB
SwapTotal:        999420 kB
SwapFree:            156 kB
Dirty:                 0 kB
Writeback:           212 kB
AnonPages:       6966136 kB
Mapped:           207000 kB
Shmem:            286156 kB
KReclaimable:     114048 kB
Slab:             242244 kB
SReclaimable:     114048 kB
SUnreclaim:       128196 kB
KernelStack:       16976 kB
PageTables:        43316 kB
NFS_Unstable:          0 kB
Bounce:                0 kB
WritebackTmp:          0 kB
CommitLimit:     4942900 kB
Committed_AS:   13600548 kB
VmallocTotal:   34359738367 kB
VmallocUsed:           0 kB
VmallocChunk:          0 kB
Percpu:             3216 kB
HardwareCorrupted:     0 kB
AnonHugePages:         0 kB
ShmemHugePages:        0 kB
ShmemPmdMapped:        0 kB
CmaTotal:              0 kB
CmaFree:               0 kB
HugePages_Total:       0
HugePages_Free:        0
HugePages_Rsvd:        0
HugePages_Surp:        0
Hugepagesize:       2048 kB
Hugetlb:               0 kB
DirectMap4k:      301540 kB
DirectMap2M:     5711872 kB
DirectMap1G:     2097152 kB


/proc/sys/kernel/threads-max (system-wide limit on the number of threads):
61042


/proc/sys/vm/max_map_count (maximum number of memory map areas a process may have):
65530


/proc/sys/kernel/pid_max (system-wide limit on number of process identifiers):
32768



container (cgroup) information:
container_type: cgroupv1
cpu_cpuset_cpus: 0-3
cpu_memory_nodes: 0
active_processor_count: 4
cpu_quota: -1
cpu_period: 100000
cpu_shares: -1
memory_limit_in_bytes: -1
memory_and_swap_limit_in_bytes: -2
memory_soft_limit_in_bytes: -1
memory_usage_in_bytes: 5900120064
memory_max_usage_in_bytes: 5904662528

Steal ticks since vm start: 0
Steal ticks percentage since vm start:  0,000

CPU:total 4 (initial active 4) (2 cores per cpu, 2 threads per core) family 6 model 142 stepping 9, cmov, cx8, fxsr, mmx, sse, sse2, sse3, ssse3, sse4.1, sse4.2, popcnt, avx, avx2, aes, clmul, erms, 3dnowpref, lzcnt, ht, tsc, tscinvbit, bmi1, bmi2, adx, fma
CPU Model and flags from /proc/cpuinfo:
model name	: Intel(R) Core(TM) i5-7200U CPU @ 2.50GHz
flags		: fpu vme de pse tsc msr pae mce cx8 apic sep mtrr pge mca cmov pat pse36 clflush dts acpi mmx fxsr sse sse2 ss ht tm pbe syscall nx pdpe1gb rdtscp lm constant_tsc art arch_perfmon pebs bts rep_good nopl xtopology nonstop_tsc cpuid aperfmperf tsc_known_freq pni pclmulqdq dtes64 monitor ds_cpl vmx est tm2 ssse3 sdbg fma cx16 xtpr pdcm pcid sse4_1 sse4_2 x2apic movbe popcnt tsc_deadline_timer aes xsave avx f16c rdrand lahf_lm abm 3dnowprefetch cpuid_fault epb invpcid_single pti ssbd ibrs ibpb stibp tpr_shadow vnmi flexpriority ept vpid ept_ad fsgsbase tsc_adjust bmi1 avx2 smep bmi2 erms invpcid mpx rdseed adx smap clflushopt intel_pt xsaveopt xsavec xgetbv1 xsaves dtherm ida arat pln pts hwp hwp_notify hwp_act_window hwp_epp md_clear flush_l1d

Memory: 4k page, physical 7886964k(129060k free), swap 999420k(176k free)

vm_info: OpenJDK 64-Bit Server VM (11.0.4+11-post-Ubuntu-1ubuntu219.04) for linux-amd64 JRE (11.0.4+11-post-Ubuntu-1ubuntu219.04), built on Jul 18 2019 18:21:46 by "buildd" with gcc 8.3.0

END.
