1566204447969:ls
1566204471106:extract-structural-information --simulator examples/bussim/bussim.jar
1566205095869:clean-all-database
1566205102932:extract-structural-information --simulator examples/bussim/bussim.jar
1566205116991:extract-structural-information --simulator examples/bussim/bussim.jar --name Bus Simulation
1566205120702:extract-structural-information --simulator examples/bussim/bussim.jar --name "Bus Simulation"
1566205258423:print-simulators
1566205396577:extract-structural-information --simulator examples/bussim/bussim.jar --name "Bus Simulation"
1566205431867:print-simulators
1566205610424:exit
1566205661121:help
1566205685405:exit
1566205723013:extract-structural-information --simulator examples/workwaysim/workwaySim.jar --name "Workway Simulation"
1566205759133:print-simulators
1566207485820:exit
1566208891136:run-simulator
1566208900407:run-simulator --name Bus Sim
1566208906972:run-simulator --name "Bus Sim"
1566208922866:print-simulators
1566208931126:run-simulator --name "Bus Simulation"
1566208954496:exit
1566208968246:run-simulator --name "Bus Simulation"
1566210797814:exit
1566210924609:clean-all-database
1566210937417:extract-structural-information --simulator examples/workwaysim/workwaySim.jar --name "Workway Simulation"
1566211816685:print-simulators
1566211819696:ls
1566211827884:run-simulator
1566211836101:run-simulator --name "123"
1566212029083:run-simulator
1566212034130:run-simulator --name 123
1566212050291:run-simulator --name "123"
1566212054837:exit
1566212085926:run-simulator --name "123"
1566212479507:[A
1566212480530:run-simulator --name "123"
1566214716341:exit
1566214957437:run-simulator --name "123"
1566215003167:stacktrace
1566215543204:run-simulator --name "123"
1566290790623:stacktrace
1566290924084:run-simulator --name "123"
1566309451767:exit
1566309993683:extract-structural-information --name "Bussim 1" --simulator examples/bussim/bussim.jar
1566310219514:extract-structural-information --name "Bussim1" --simulator examples/bussim/bussim.jar
1566310424642:clean-all-database
1566310428838:extract-structural-information --name "Bussim1" --simulator examples/bussim/bussim.jar
1566310487429:extract-structural-information --name "Bussim2" --simulator examples/bussim/bussim.jar
1566310564375:exit
1566310687292:clean-all-database
1566310693136:extract-structural-information --name "Bussim1" --simulator examples/bussim/bussim.jar
1566310729321:ls
1566310732737:exit
1566311043620:clean-all-database
1566311047472:extract-structural-information --name "Bussim1" --simulator examples/bussim/bussim.jar
1566311227209:clean-all-database
1566311230630:extract-structural-information --name "Bussim1" --simulator examples/bussim/bussim.jar
1566312219156:compute-event-communitiers
1566314522407:find-similar-events
1566314582756:find-similar-events --simulator "Bussim1" --name "TravelEvent"
1566314596743:find-similar-events --simulator "Bussim1" --event "TravelEvent"
1566314605141:stacktrace
1566314658707:find-similar-events --simulator "Bussim1" --event "TravelEvent"
1566314937555:run-simulator --name "123"
1566315867091:run-simulator --name "Bus"
1566316250220:run-simulator --name "123"
1566800214678:print-simulators
1566800230334:calc-similarity-between-events Bussim1 Bussim1
1566804304743:compute-event-communitiers
1566804372116:compute-event-communities
1566805723751:calc-similarity-between-words "car" "bus"
1566805732159:calc-similarity-between-words "car" "car"
1566805742587:calc-similarity-between-words "car" "human"
1566805768242:calc-similarity-between-words "computer" "server"
1566805775177:calc-similarity-between-words "computer" "software"
1566817101526:compute-event-communities
1566817138069:calc-similarity-between-communities "Bussim1" "Bussim1"
1566819711499:calc-similarity-between-words "car" "bus"
1566819719271:calc-similarity-between-words "car" "human"
1566819790616:compute-event-communities
1566819814092:print-simulators
1566819856240:compute-event-communities
1566820216225:calc-similarity-between-simulators --simulator1 "Bussim1" --simulator2 "Bussim1"
1566823653935:calc-similarity-between-words "car" "cpu"
1566823660430:calc-similarity-between-words "hdd" "cpu"
1566823666493:calc-similarity-between-words "computer" "cpu"
1566823686095:calc-similarity-between-words "computer" "centralprocessingunit"
1566823692275:calc-similarity-between-words "computer" "monitor"
1566977253341:tasks
1566977260623:print-simulators
1566977515196:print-events-of-simulator "Bussim1"
1566977667592:print-entities-of-simulator
1566977674074:print-entities-of-simulator --simulator "Bussim1"
1566978435482:print-entities-of-simulator --simulator Bussim1
1566979523916:get-current-simulator
1566981461623:create-simulator --name "Johannes"--description "Tolle test Simulation.. Das hinzufügen funktioniert"
1566981468195:print-simulators
1566981568932:create-simulator --name "Johannes"--description "Tolle test Simulation.. Das hinzufügen funktioniert"
1566981571760:print-simulators
1566981586947:set-current-simulator --simulator Bussim1
1566981590760:ls
1566981592735:tasks
1566981596643:help
1566981622552:add-entity --name "Bus"
1566981632223:print-entities-of-simulator
1566981644012:print-entities-of-simulator --simulator Bussim1
1566981686155:add-event --name "ArriveEvent"
1566981703452:add-event --name "LeaveEvent"
1566981734847:add-schedules-relation --end-event-name "ArriveEvent" --start-event-name "LeaveEVent" --condition-function "x+a" --delay-function "as"
1566981744842:add-schedules-relation --end-event-name "ArriveEvent" --start-event-name "LeaveEvent" --condition-function "x+a" --delay-function "as"
1566982526077:script
1566982672104:clean-all-database
1566982718949:script --file bussim_descomp.script
1566982745820:print-simulators
